Using pre-set license
Built from '2021.3/staging' branch; Version is '2021.3.15f1 (e8e88683f834) revision 15263878'; Using compiler version '192829333'; Build Type 'Release'
OS: 'Windows 10  (10.0.19044) 64bit Core' Language: 'de' Physical Memory: 8019 MB
BatchMode: 1, IsHumanControllingUs: 0, StartBugReporterOnCrash: 0, Is64bit: 1, IsPro: 1

COMMAND LINE ARGUMENTS:
C:\Program Files\Unity\Hub\Editor\2021.3.15f1\Editor\Unity.exe
-adb2
-batchMode
-noUpm
-name
AssetImportWorker0
-projectPath
C:/Users/PC-Benutzer/Documents/GitHub/GirlsDay
-logFile
Logs/AssetImportWorker0.log
-srvPort
52448
Successfully changed project path to: C:/Users/PC-Benutzer/Documents/GitHub/GirlsDay
C:/Users/PC-Benutzer/Documents/GitHub/GirlsDay
[UnityMemory] Configuration Parameters - Can be set up in boot.config
    "memorysetup-bucket-allocator-granularity=16"
    "memorysetup-bucket-allocator-bucket-count=8"
    "memorysetup-bucket-allocator-block-size=33554432"
    "memorysetup-bucket-allocator-block-count=8"
    "memorysetup-main-allocator-block-size=16777216"
    "memorysetup-thread-allocator-block-size=16777216"
    "memorysetup-gfx-main-allocator-block-size=16777216"
    "memorysetup-gfx-thread-allocator-block-size=16777216"
    "memorysetup-cache-allocator-block-size=4194304"
    "memorysetup-typetree-allocator-block-size=2097152"
    "memorysetup-profiler-bucket-allocator-granularity=16"
    "memorysetup-profiler-bucket-allocator-bucket-count=8"
    "memorysetup-profiler-bucket-allocator-block-size=33554432"
    "memorysetup-profiler-bucket-allocator-block-count=8"
    "memorysetup-profiler-allocator-block-size=16777216"
    "memorysetup-profiler-editor-allocator-block-size=1048576"
    "memorysetup-temp-allocator-size-main=16777216"
    "memorysetup-job-temp-allocator-block-size=2097152"
    "memorysetup-job-temp-allocator-block-size-background=1048576"
    "memorysetup-job-temp-allocator-reduction-small-platforms=262144"
    "memorysetup-temp-allocator-size-background-worker=32768"
    "memorysetup-temp-allocator-size-job-worker=262144"
    "memorysetup-temp-allocator-size-preload-manager=33554432"
    "memorysetup-temp-allocator-size-nav-mesh-worker=65536"
    "memorysetup-temp-allocator-size-audio-worker=65536"
    "memorysetup-temp-allocator-size-cloud-worker=32768"
    "memorysetup-temp-allocator-size-gi-baking-worker=262144"
    "memorysetup-temp-allocator-size-gfx=262144"
Player connection [8952] Host "[IP] 141.20.25.16 [Port] 0 [Flags] 2 [Guid] 1046014498 [EditorId] 1046014498 [Version] 1048832 [Id] WindowsEditor(7,DESKTOP-K357QV4) [Debug] 1 [PackageName] WindowsEditor [ProjectName] Editor" joined multi-casting on [225.0.0.222:54997]...

Player connection [8952] Host "[IP] 141.20.25.16 [Port] 0 [Flags] 2 [Guid] 1046014498 [EditorId] 1046014498 [Version] 1048832 [Id] WindowsEditor(7,DESKTOP-K357QV4) [Debug] 1 [PackageName] WindowsEditor [ProjectName] Editor" joined alternative multi-casting on [225.0.0.222:34997]...

Refreshing native plugins compatible for Editor in 162.59 ms, found 12 plugins.
Preloading 1 native plugins for Editor in 0.64 ms.
Initialize engine version: 2021.3.15f1 (e8e88683f834)
[Subsystems] Discovering subsystems at path C:/Program Files/Unity/Hub/Editor/2021.3.15f1/Editor/Data/Resources/UnitySubsystems
[Subsystems] Discovering subsystems at path C:/Users/PC-Benutzer/Documents/GitHub/GirlsDay/Assets
GfxDevice: creating device client; threaded=0; jobified=0
Direct3D:
    Version:  Direct3D 11.0 [level 11.1]
    Renderer: NVIDIA GeForce GTX 980 (ID=0x13c0)
    Vendor:   NVIDIA
    VRAM:     4053 MB
    Driver:   31.0.15.1694
Initialize mono
Mono path[0] = 'C:/Program Files/Unity/Hub/Editor/2021.3.15f1/Editor/Data/Managed'
Mono path[1] = 'C:/Program Files/Unity/Hub/Editor/2021.3.15f1/Editor/Data/MonoBleedingEdge/lib/mono/unityjit-win32'
Mono config path = 'C:/Program Files/Unity/Hub/Editor/2021.3.15f1/Editor/Data/MonoBleedingEdge/etc'
Using monoOptions --debugger-agent=transport=dt_socket,embedding=1,server=y,suspend=n,address=127.0.0.1:56020
Begin MonoManager ReloadAssembly
Registering precompiled unity dll's ...
Register platform support module: C:/Program Files/Unity/Hub/Editor/2021.3.15f1/Editor/Data/PlaybackEngines/WindowsStandaloneSupport/UnityEditor.WindowsStandalone.Extensions.dll
Registered in 0.009409 seconds.
Native extension for WindowsStandalone target not found
Refreshing native plugins compatible for Editor in 111.21 ms, found 12 plugins.
Preloading 1 native plugins for Editor in 0.09 ms.
Mono: successfully reloaded assembly
- Completed reload, in  0.850 seconds
Domain Reload Profiling:
	ReloadAssembly (850ms)
		BeginReloadAssembly (91ms)
			ExecutionOrderSort (0ms)
			DisableScriptedObjects (0ms)
			BackupInstance (0ms)
			ReleaseScriptingObjects (0ms)
			CreateAndSetChildDomain (1ms)
		EndReloadAssembly (602ms)
			LoadAssemblies (88ms)
			RebuildTransferFunctionScriptingTraits (0ms)
			SetupTypeCache (131ms)
			ReleaseScriptCaches (0ms)
			RebuildScriptCaches (33ms)
			SetupLoadedEditorAssemblies (368ms)
				LogAssemblyErrors (0ms)
				InitializePlatformSupportModulesInManaged (9ms)
				SetLoadedEditorAssemblies (0ms)
				RefreshPlugins (111ms)
				BeforeProcessingInitializeOnLoad (1ms)
				ProcessInitializeOnLoadAttributes (191ms)
				ProcessInitializeOnLoadMethodAttributes (55ms)
				AfterProcessingInitializeOnLoad (0ms)
				EditorAssembliesLoaded (0ms)
			ExecutionOrderSort2 (0ms)
			AwakeInstancesAfterBackupRestoration (0ms)
Platform modules already initialized, skipping
Registering precompiled user dll's ...
Registered in 0.011952 seconds.
Begin MonoManager ReloadAssembly
Symbol file LoadedFromMemory doesn't match image C:\Users\PC-Benutzer\Documents\GitHub\GirlsDay\Library\PackageCache\com.unity.visualscripting@1.7.8\Editor\VisualScripting.Core\Dependencies\DotNetZip\Unity.VisualScripting.IonicZip.dll
Symbol file LoadedFromMemory doesn't match image C:\Users\PC-Benutzer\Documents\GitHub\GirlsDay\Library\PackageCache\com.unity.visualscripting@1.7.8\Editor\VisualScripting.Core\Dependencies\YamlDotNet\Unity.VisualScripting.YamlDotNet.dll
Native extension for WindowsStandalone target not found
Refreshing native plugins compatible for Editor in 128.74 ms, found 12 plugins.
Preloading 1 native plugins for Editor in 0.09 ms.
Package Manager log level set to [2]
System.Reflection.TargetInvocationException: Exception has been thrown by the target of an invocation. ---> System.NullReferenceException: Object reference not set to an instance of an object
  at Unity.XR.Oculus.OculusLoader.AssetPathToAbsolutePath (System.String assetPath) [0x0003d] in C:\Users\PC-Benutzer\Documents\GitHub\GirlsDay\Library\PackageCache\com.unity.xr.oculus@3.2.2\Runtime\OculusLoader.cs:296 
  at Unity.XR.Oculus.OculusLoader.EditorLoadOVRPlugin () [0x0007b] in C:\Users\PC-Benutzer\Documents\GitHub\GirlsDay\Library\PackageCache\com.unity.xr.oculus@3.2.2\Runtime\OculusLoader.cs:281 
  at (wrapper managed-to-native) System.Reflection.RuntimeMethodInfo.InternalInvoke(System.Reflection.RuntimeMethodInfo,object,object[],System.Exception&)
  at System.Reflection.RuntimeMethodInfo.Invoke (System.Object obj, System.Reflection.BindingFlags invokeAttr, System.Reflection.Binder binder, System.Object[] parameters, System.Globalization.CultureInfo culture) [0x0006a] in <d6232873609549b8a045fa15811a5bd3>:0 
   --- End of inner exception stack trace ---
  at System.Reflection.RuntimeMethodInfo.Invoke (System.Object obj, System.Reflection.BindingFlags invokeAttr, System.Reflection.Binder binder, System.Object[] parameters, System.Globalization.CultureInfo culture) [0x00083] in <d6232873609549b8a045fa15811a5bd3>:0 
  at System.Reflection.MethodBase.Invoke (System.Object obj, System.Object[] parameters) [0x00000] in <d6232873609549b8a045fa15811a5bd3>:0 
  at UnityEditor.EditorAssemblies.ProcessInitializeOnLoadMethodAttributes () [0x000a5] in <63965ae56af7489797f355b7c1211ab2>:0 
UnityEngine.StackTraceUtility:ExtractStackTrace ()
UnityEngine.DebugLogHandler:LogFormat (UnityEngine.LogType,UnityEngine.Object,string,object[])
UnityEngine.Logger:Log (UnityEngine.LogType,object)
UnityEngine.Debug:LogError (object)
UnityEditor.EditorAssemblies:ProcessInitializeOnLoadMethodAttributes ()

Mono: successfully reloaded assembly
- Completed reload, in  1.654 seconds
Domain Reload Profiling:
	ReloadAssembly (1655ms)
		BeginReloadAssembly (155ms)
			ExecutionOrderSort (0ms)
			DisableScriptedObjects (7ms)
			BackupInstance (0ms)
			ReleaseScriptingObjects (0ms)
			CreateAndSetChildDomain (31ms)
		EndReloadAssembly (1337ms)
			LoadAssemblies (118ms)
			RebuildTransferFunctionScriptingTraits (0ms)
			SetupTypeCache (395ms)
			ReleaseScriptCaches (1ms)
			RebuildScriptCaches (72ms)
			SetupLoadedEditorAssemblies (704ms)
				LogAssemblyErrors (0ms)
				InitializePlatformSupportModulesInManaged (7ms)
				SetLoadedEditorAssemblies (0ms)
				RefreshPlugins (129ms)
				BeforeProcessingInitializeOnLoad (128ms)
				ProcessInitializeOnLoadAttributes (384ms)
				ProcessInitializeOnLoadMethodAttributes (45ms)
				AfterProcessingInitializeOnLoad (10ms)
				EditorAssembliesLoaded (0ms)
			ExecutionOrderSort2 (0ms)
			AwakeInstancesAfterBackupRestoration (7ms)
Platform modules already initialized, skipping
========================================================================
Worker process is ready to serve import requests
Launched and connected shader compiler UnityShaderCompiler.exe after 0.05 seconds
Refreshing native plugins compatible for Editor in 1.93 ms, found 12 plugins.
Preloading 1 native plugins for Editor in 0.21 ms.
Unloading 4220 Unused Serialized files (Serialized files now loaded: 0)
Unloading 54 unused Assets / (114.8 KB). Loaded Objects now: 4672.
Memory consumption went from 158.8 MB to 158.7 MB.
Total: 5.286000 ms (FindLiveObjects: 0.686600 ms CreateObjectMapping: 0.232400 ms MarkObjects: 4.202000 ms  DeleteObjects: 0.164100 ms)

AssetImportParameters requested are different than current active one (requested -> active):
  custom:video-decoder-ogg-theora: a1e56fd34408186e4bbccfd4996cb3dc -> 
  custom:container-muxer-webm: aa71ff27fc2769a1b78a27578f13a17b -> 
  custom:container-demuxer-webm: 4f35f7cbe854078d1ac9338744f61a02 -> 
  custom:video-encoder-webm-vp8: eb34c28f22e8b96e1ab97ce403110664 -> 
  custom:audio-encoder-webm-vorbis: bf7c407c2cedff20999df2af8eb42d56 -> 
  custom:framework-win-MediaFoundation: 216162199b28c13a410421893ffa2e32 -> 
  custom:container-demuxer-ogg: 62fdf1f143b41e24485cea50d1cbac27 -> 
  custom:video-decoder-webm-vp8: 9c59270c3fd7afecdb556c50c9e8de78 -> 
  custom:audio-decoder-ogg-vorbis: bf7c407c2cedff20999df2af8eb42d56 -> 
========================================================================
Received Import Request.
  Time since last request: 1890151.266793 seconds.
  path: Assets/GirlsDay/Prefabs/park_bench.prefab
  artifactKey: Guid(d19d09978a950894ea0710187968f43f) Importer(815301076,1909f56bfc062723c751e8b465ee728b)
Start importing Assets/GirlsDay/Prefabs/park_bench.prefab using Guid(d19d09978a950894ea0710187968f43f) Importer(815301076,1909f56bfc062723c751e8b465ee728b)  -> (artifact id: 'e108d4d0de821c4450e32441fc05b82f') in 0.152017 seconds 
========================================================================
Received Import Request.
  Time since last request: 0.000021 seconds.
  path: Assets/GirlsDay/Prefabs/rpgpp_lt_rocks_tiny_01.prefab
  artifactKey: Guid(e1154cf6ac27b2f45b4ae35582e7e363) Importer(815301076,1909f56bfc062723c751e8b465ee728b)
Start importing Assets/GirlsDay/Prefabs/rpgpp_lt_rocks_tiny_01.prefab using Guid(e1154cf6ac27b2f45b4ae35582e7e363) Importer(815301076,1909f56bfc062723c751e8b465ee728b)  -> (artifact id: 'd8d5ca81aa937177554023179e0a2b0e') in 0.017345 seconds 
========================================================================
Received Import Request.
  Time since last request: 0.000021 seconds.
  path: Assets/GirlsDay/Prefabs/Cabbage_01.prefab
  artifactKey: Guid(aec8969d0290c6d4cbc587ef85a01ce4) Importer(815301076,1909f56bfc062723c751e8b465ee728b)
Start importing Assets/GirlsDay/Prefabs/Cabbage_01.prefab using Guid(aec8969d0290c6d4cbc587ef85a01ce4) Importer(815301076,1909f56bfc062723c751e8b465ee728b)  -> (artifact id: '674779dc9b1f2161c922d70ce1cb9b87') in 0.137424 seconds 
========================================================================
Received Import Request.
  Time since last request: 0.000029 seconds.
  path: Assets/GirlsDay/Prefabs
  artifactKey: Guid(6f5ef6ff38bfa4ea78e3dc01c9866d05) Importer(815301076,1909f56bfc062723c751e8b465ee728b)
Start importing Assets/GirlsDay/Prefabs using Guid(6f5ef6ff38bfa4ea78e3dc01c9866d05) Importer(815301076,1909f56bfc062723c751e8b465ee728b)  -> (artifact id: 'fc1b7769665c259dd5db3f129bae0010') in 0.007786 seconds 
========================================================================
Received Import Request.
  Time since last request: 0.000036 seconds.
  path: Assets/GirlsDay/Prefabs/SandBagPallet_16_v3.prefab
  artifactKey: Guid(2e8e35039a5a5de429bb5ef87354e790) Importer(815301076,1909f56bfc062723c751e8b465ee728b)
Start importing Assets/GirlsDay/Prefabs/SandBagPallet_16_v3.prefab using Guid(2e8e35039a5a5de429bb5ef87354e790) Importer(815301076,1909f56bfc062723c751e8b465ee728b)  -> (artifact id: '3a9040f705d2611c2b7f36c13c4dcfae') in 0.014415 seconds 
========================================================================
Received Import Request.
  Time since last request: 0.000022 seconds.
  path: Assets/GirlsDay/Prefabs/Gem.prefab
  artifactKey: Guid(9a6e3d3eb38cd984eb5394b35dae4b35) Importer(815301076,1909f56bfc062723c751e8b465ee728b)
Start importing Assets/GirlsDay/Prefabs/Gem.prefab using Guid(9a6e3d3eb38cd984eb5394b35dae4b35) Importer(815301076,1909f56bfc062723c751e8b465ee728b)  -> (artifact id: '343d52b8fafd582633588753b5805e1d') in 0.016388 seconds 
========================================================================
Received Import Request.
  Time since last request: 0.000018 seconds.
  path: Assets/GirlsDay/Prefabs/Bridge.prefab
  artifactKey: Guid(213ebf20e0c062349a9a7afb9a9562fd) Importer(815301076,1909f56bfc062723c751e8b465ee728b)
Start importing Assets/GirlsDay/Prefabs/Bridge.prefab using Guid(213ebf20e0c062349a9a7afb9a9562fd) Importer(815301076,1909f56bfc062723c751e8b465ee728b)  -> (artifact id: 'ce108146b396b4a57f02884556faf622') in 0.015514 seconds 
========================================================================
Received Import Request.
  Time since last request: 0.000022 seconds.
  path: Assets/GirlsDay/Prefabs/Block1.prefab
  artifactKey: Guid(d9e5563e32489b54493190091ca5751a) Importer(815301076,1909f56bfc062723c751e8b465ee728b)
Start importing Assets/GirlsDay/Prefabs/Block1.prefab using Guid(d9e5563e32489b54493190091ca5751a) Importer(815301076,1909f56bfc062723c751e8b465ee728b)  -> (artifact id: '78978ae055521cc0367b6ec424825fab') in 0.017228 seconds 
========================================================================
Received Import Request.
  Time since last request: 0.000028 seconds.
  path: Assets/GirlsDay/Prefabs/SM_Ball_01.prefab
  artifactKey: Guid(a6f5b2e09e2cfec45b1803180ac584d5) Importer(815301076,1909f56bfc062723c751e8b465ee728b)
Start importing Assets/GirlsDay/Prefabs/SM_Ball_01.prefab using Guid(a6f5b2e09e2cfec45b1803180ac584d5) Importer(815301076,1909f56bfc062723c751e8b465ee728b)  -> (artifact id: '08da41990f32a32693ba91193f548a5f') in 0.021475 seconds 
========================================================================
Received Import Request.
  Time since last request: 0.000023 seconds.
  path: Assets/GirlsDay/Prefabs/chicken_leg.prefab
  artifactKey: Guid(f6cc23ad0d18cf64fb9386b6a362caee) Importer(815301076,1909f56bfc062723c751e8b465ee728b)
Start importing Assets/GirlsDay/Prefabs/chicken_leg.prefab using Guid(f6cc23ad0d18cf64fb9386b6a362caee) Importer(815301076,1909f56bfc062723c751e8b465ee728b)  -> (artifact id: 'b3de6e6427b195233c2515ca25b40679') in 0.016896 seconds 
========================================================================
Received Import Request.
  Time since last request: 0.000020 seconds.
  path: Assets/GirlsDay/Prefabs/rpgpp_lt_table_01.prefab
  artifactKey: Guid(4c1686a5131ac8b45bfe913f509289c0) Importer(815301076,1909f56bfc062723c751e8b465ee728b)
Start importing Assets/GirlsDay/Prefabs/rpgpp_lt_table_01.prefab using Guid(4c1686a5131ac8b45bfe913f509289c0) Importer(815301076,1909f56bfc062723c751e8b465ee728b)  -> (artifact id: 'c7fadcdd3157d1ce21ed03d76346b8df') in 0.015626 seconds 
========================================================================
Received Import Request.
  Time since last request: 0.000025 seconds.
  path: Assets/GirlsDay/Prefabs/SingleSmallLog_12_v2.prefab
  artifactKey: Guid(cc63051a86d7809439fa2c77c482e68d) Importer(815301076,1909f56bfc062723c751e8b465ee728b)
Start importing Assets/GirlsDay/Prefabs/SingleSmallLog_12_v2.prefab using Guid(cc63051a86d7809439fa2c77c482e68d) Importer(815301076,1909f56bfc062723c751e8b465ee728b)  -> (artifact id: '1db8fa194bd2f78d4d322345cf3bfee6') in 0.017765 seconds 
========================================================================
Received Import Request.
  Time since last request: 0.000025 seconds.
  path: Assets/GirlsDay/Prefabs/rpgpp_lt_well_01.prefab
  artifactKey: Guid(4500da6a464da55408dd1ff2324163a7) Importer(815301076,1909f56bfc062723c751e8b465ee728b)
Start importing Assets/GirlsDay/Prefabs/rpgpp_lt_well_01.prefab using Guid(4500da6a464da55408dd1ff2324163a7) Importer(815301076,1909f56bfc062723c751e8b465ee728b)  -> (artifact id: '17bcc43efea3ee2ab4dd0fef4948afc5') in 0.018153 seconds 
========================================================================
Received Import Request.
  Time since last request: 0.000024 seconds.
  path: Assets/GirlsDay/Prefabs/Lantern_holder.prefab
  artifactKey: Guid(4a80f91438b4c6e4691fbcf73d22c61f) Importer(815301076,1909f56bfc062723c751e8b465ee728b)
Start importing Assets/GirlsDay/Prefabs/Lantern_holder.prefab using Guid(4a80f91438b4c6e4691fbcf73d22c61f) Importer(815301076,1909f56bfc062723c751e8b465ee728b)  -> (artifact id: 'c10bc7cbb9534c247097b915fab2fa23') in 0.018390 seconds 
========================================================================
Received Import Request.
  Time since last request: 0.000037 seconds.
  path: Assets/GirlsDay/Prefabs/SingleLog_09_v1.prefab
  artifactKey: Guid(c61730e7e4ed08945ac03d38e89efc05) Importer(815301076,1909f56bfc062723c751e8b465ee728b)
Start importing Assets/GirlsDay/Prefabs/SingleLog_09_v1.prefab using Guid(c61730e7e4ed08945ac03d38e89efc05) Importer(815301076,1909f56bfc062723c751e8b465ee728b)  -> (artifact id: 'a69aa21c97cff1b8ca764b488f554598') in 0.017655 seconds 
========================================================================
Received Import Request.
  Time since last request: 0.000020 seconds.
  path: Assets/GirlsDay/Prefabs/rpgpp_lt_rock_03.prefab
  artifactKey: Guid(0fd5be61d8c00de419d45d6bf745a69c) Importer(815301076,1909f56bfc062723c751e8b465ee728b)
Start importing Assets/GirlsDay/Prefabs/rpgpp_lt_rock_03.prefab using Guid(0fd5be61d8c00de419d45d6bf745a69c) Importer(815301076,1909f56bfc062723c751e8b465ee728b)  -> (artifact id: '7696913558d948a3c4732e4dc5b612e7') in 0.016816 seconds 
========================================================================
Received Import Request.
  Time since last request: 0.000030 seconds.
  path: Assets/GirlsDay/Prefabs/house2.prefab
  artifactKey: Guid(aad2db4bc4616ca4cbbbd940898780d8) Importer(815301076,1909f56bfc062723c751e8b465ee728b)
Start importing Assets/GirlsDay/Prefabs/house2.prefab using Guid(aad2db4bc4616ca4cbbbd940898780d8) Importer(815301076,1909f56bfc062723c751e8b465ee728b)  -> (artifact id: 'da32c31b07cd7fdfa92f9f39eaa588e9') in 0.016957 seconds 
========================================================================
Received Import Request.
  Time since last request: 0.000021 seconds.
  path: Assets/GirlsDay/Prefabs/marker.prefab
  artifactKey: Guid(f3a01fe51ab57f74595cdeee80d56ca1) Importer(815301076,1909f56bfc062723c751e8b465ee728b)
Start importing Assets/GirlsDay/Prefabs/marker.prefab using Guid(f3a01fe51ab57f74595cdeee80d56ca1) Importer(815301076,1909f56bfc062723c751e8b465ee728b)  -> (artifact id: '5c1322b94e372495932138fee502d70b') in 0.014880 seconds 
========================================================================
Received Import Request.
  Time since last request: 0.000028 seconds.
  path: Assets/GirlsDay/Prefabs/MetalBarrier_06_v2.prefab
  artifactKey: Guid(afc561f13a5ea0346867dabaab718d45) Importer(815301076,1909f56bfc062723c751e8b465ee728b)
Start importing Assets/GirlsDay/Prefabs/MetalBarrier_06_v2.prefab using Guid(afc561f13a5ea0346867dabaab718d45) Importer(815301076,1909f56bfc062723c751e8b465ee728b)  -> (artifact id: '97fe5dcd83d540fa523d321ed6529eb3') in 0.015427 seconds 
========================================================================
Received Import Request.
  Time since last request: 0.000023 seconds.
  path: Assets/GirlsDay/Prefabs/rpgpp_lt_rock_small_02.prefab
  artifactKey: Guid(9f21020355643c74c88002634abcdabd) Importer(815301076,1909f56bfc062723c751e8b465ee728b)
Start importing Assets/GirlsDay/Prefabs/rpgpp_lt_rock_small_02.prefab using Guid(9f21020355643c74c88002634abcdabd) Importer(815301076,1909f56bfc062723c751e8b465ee728b)  -> (artifact id: 'f7da69c8e0ca42fb57950876263baa04') in 0.014407 seconds 
========================================================================
Received Import Request.
  Time since last request: 0.000022 seconds.
  path: Assets/GirlsDay/Prefabs/rpgpp_lt_bird_house_01.prefab
  artifactKey: Guid(7689b2d5def66f04eb3b0905d7b65084) Importer(815301076,1909f56bfc062723c751e8b465ee728b)
Start importing Assets/GirlsDay/Prefabs/rpgpp_lt_bird_house_01.prefab using Guid(7689b2d5def66f04eb3b0905d7b65084) Importer(815301076,1909f56bfc062723c751e8b465ee728b)  -> (artifact id: 'b1fbb8a7e862be08523ff33cbdec237d') in 0.015810 seconds 
========================================================================
Received Import Request.
  Time since last request: 37.446859 seconds.
  path: Assets/GirlsDay/Prefabs/SM_Bench_03.prefab
  artifactKey: Guid(7771c02e50845c148830a38f099c87ce) Importer(815301076,1909f56bfc062723c751e8b465ee728b)
Start importing Assets/GirlsDay/Prefabs/SM_Bench_03.prefab using Guid(7771c02e50845c148830a38f099c87ce) Importer(815301076,1909f56bfc062723c751e8b465ee728b)  -> (artifact id: '144061e3b2c973cfed5658aaca8c6731') in 0.025279 seconds 
========================================================================
Received Import Request.
  Time since last request: 0.000024 seconds.
  path: Assets/GirlsDay/Prefabs/SM_Crossbar_Stairs_01.prefab
  artifactKey: Guid(0a01ce2f5c886ac469ab722a233b6650) Importer(815301076,1909f56bfc062723c751e8b465ee728b)
Start importing Assets/GirlsDay/Prefabs/SM_Crossbar_Stairs_01.prefab using Guid(0a01ce2f5c886ac469ab722a233b6650) Importer(815301076,1909f56bfc062723c751e8b465ee728b)  -> (artifact id: 'f06f438e24f4e668c7acee4763b3b23b') in 0.041569 seconds 
========================================================================
Received Import Request.
  Time since last request: 0.000022 seconds.
  path: Assets/GirlsDay/Prefabs/SM_Game_Stairs_01.prefab
  artifactKey: Guid(3b50afe5616a95e4d8fcb29f08b823fa) Importer(815301076,1909f56bfc062723c751e8b465ee728b)
Start importing Assets/GirlsDay/Prefabs/SM_Game_Stairs_01.prefab using Guid(3b50afe5616a95e4d8fcb29f08b823fa) Importer(815301076,1909f56bfc062723c751e8b465ee728b)  -> (artifact id: '03ed3f9e5ea8130039bbb9afad3b8d84') in 0.062585 seconds 
========================================================================
Received Import Request.
  Time since last request: 0.000041 seconds.
  path: Assets/GirlsDay/Prefabs/SM_Game_Piramid_01.prefab
  artifactKey: Guid(a44cccc20f3187546becc81725456fb2) Importer(815301076,1909f56bfc062723c751e8b465ee728b)
Start importing Assets/GirlsDay/Prefabs/SM_Game_Piramid_01.prefab using Guid(a44cccc20f3187546becc81725456fb2) Importer(815301076,1909f56bfc062723c751e8b465ee728b)  -> (artifact id: '9326413011b48e5ff279724fd01c634a') in 0.034994 seconds 
========================================================================
Received Import Request.
  Time since last request: 43.427045 seconds.
  path: Assets/GirlsDay/Prefabs/SM_Playground_01.prefab
  artifactKey: Guid(372d31140fa703a4dbfe7f1f34bd4a98) Importer(815301076,1909f56bfc062723c751e8b465ee728b)
Start importing Assets/GirlsDay/Prefabs/SM_Playground_01.prefab using Guid(372d31140fa703a4dbfe7f1f34bd4a98) Importer(815301076,1909f56bfc062723c751e8b465ee728b)  -> (artifact id: '7333b3aba0edc0df898ed7b11c07cfbe') in 0.039347 seconds 
========================================================================
Received Import Request.
  Time since last request: 0.000020 seconds.
  path: Assets/GirlsDay/Prefabs/SM_Stand_02.prefab
  artifactKey: Guid(4de75b156eca74e4cb387cb66d846bca) Importer(815301076,1909f56bfc062723c751e8b465ee728b)
Start importing Assets/GirlsDay/Prefabs/SM_Stand_02.prefab using Guid(4de75b156eca74e4cb387cb66d846bca) Importer(815301076,1909f56bfc062723c751e8b465ee728b)  -> (artifact id: '29a49fbe1fee862a5cd4eab9e2474fe5') in 0.025760 seconds 
========================================================================
Received Import Request.
  Time since last request: 0.000019 seconds.
  path: Assets/GirlsDay/Prefabs/SM_Playground_03.prefab
  artifactKey: Guid(2a1e00f6fd8038f4eb484539be2d71d2) Importer(815301076,1909f56bfc062723c751e8b465ee728b)
Start importing Assets/GirlsDay/Prefabs/SM_Playground_03.prefab using Guid(2a1e00f6fd8038f4eb484539be2d71d2) Importer(815301076,1909f56bfc062723c751e8b465ee728b)  -> (artifact id: '76cc282d04fa085747d06766bcbe0367') in 0.024497 seconds 
========================================================================
Received Import Request.
  Time since last request: 0.000025 seconds.
  path: Assets/GirlsDay/Prefabs/SM_Trash_01.prefab
  artifactKey: Guid(df5f74d542da77f46b448ff86a251662) Importer(815301076,1909f56bfc062723c751e8b465ee728b)
Start importing Assets/GirlsDay/Prefabs/SM_Trash_01.prefab using Guid(df5f74d542da77f46b448ff86a251662) Importer(815301076,1909f56bfc062723c751e8b465ee728b)  -> (artifact id: '3c94a7baa10b8129e37d9a47dc5a0ca6') in 0.027136 seconds 
========================================================================
Received Import Request.
  Time since last request: 0.000027 seconds.
  path: Assets/GirlsDay/Prefabs/SM_Swings_04.prefab
  artifactKey: Guid(76127311a732f7f4683e127ce2d794b5) Importer(815301076,1909f56bfc062723c751e8b465ee728b)
Start importing Assets/GirlsDay/Prefabs/SM_Swings_04.prefab using Guid(76127311a732f7f4683e127ce2d794b5) Importer(815301076,1909f56bfc062723c751e8b465ee728b)  -> (artifact id: '2f0719abc2d737c50ad9054693b329b5') in 0.027003 seconds 
========================================================================
Received Import Request.
  Time since last request: 0.000023 seconds.
  path: Assets/GirlsDay/Prefabs/SM_Railings_01.prefab
  artifactKey: Guid(19cf7c2c56fd68545a31c378b59a6b92) Importer(815301076,1909f56bfc062723c751e8b465ee728b)
Start importing Assets/GirlsDay/Prefabs/SM_Railings_01.prefab using Guid(19cf7c2c56fd68545a31c378b59a6b92) Importer(815301076,1909f56bfc062723c751e8b465ee728b)  -> (artifact id: '69f9b0d7440481053e7a118d8e1c3c3d') in 0.030058 seconds 
========================================================================
Received Import Request.
  Time since last request: 0.000021 seconds.
  path: Assets/GirlsDay/Prefabs/SM_Railings_Angle_01.prefab
  artifactKey: Guid(6ed24e37d2b36dc45977bf6b83f69595) Importer(815301076,1909f56bfc062723c751e8b465ee728b)
Start importing Assets/GirlsDay/Prefabs/SM_Railings_Angle_01.prefab using Guid(6ed24e37d2b36dc45977bf6b83f69595) Importer(815301076,1909f56bfc062723c751e8b465ee728b)  -> (artifact id: 'ad8dc34cc64bc1bff5a7381e62eefe9a') in 0.023919 seconds 
========================================================================
Received Import Request.
  Time since last request: 0.000025 seconds.
  path: Assets/GirlsDay/Prefabs/SM_Sandbox_01.prefab
  artifactKey: Guid(189a0b5ee84cb454e98d2835383607d1) Importer(815301076,1909f56bfc062723c751e8b465ee728b)
Start importing Assets/GirlsDay/Prefabs/SM_Sandbox_01.prefab using Guid(189a0b5ee84cb454e98d2835383607d1) Importer(815301076,1909f56bfc062723c751e8b465ee728b)  -> (artifact id: '94d3024ab77ed421dce105e50b87ae5e') in 0.025236 seconds 
========================================================================
Received Import Request.
  Time since last request: 606.838604 seconds.
  path: Assets/Umgebung/SimpleNaturePack/Prefabs/Bush_01.prefab
  artifactKey: Guid(3cdafb3c2f54d434894928d72d282874) Importer(815301076,1909f56bfc062723c751e8b465ee728b)
Start importing Assets/Umgebung/SimpleNaturePack/Prefabs/Bush_01.prefab using Guid(3cdafb3c2f54d434894928d72d282874) Importer(815301076,1909f56bfc062723c751e8b465ee728b)  -> (artifact id: 'f319cb29b5b1e93e0d4fcf2b217d098c') in 0.021878 seconds 
========================================================================
Received Import Request.
  Time since last request: 0.015290 seconds.
  path: Assets/Umgebung/SimpleNaturePack/Prefabs/Flowers_01.prefab
  artifactKey: Guid(ac8efb728f1fb9b4092c4df591c827ca) Importer(815301076,1909f56bfc062723c751e8b465ee728b)
Start importing Assets/Umgebung/SimpleNaturePack/Prefabs/Flowers_01.prefab using Guid(ac8efb728f1fb9b4092c4df591c827ca) Importer(815301076,1909f56bfc062723c751e8b465ee728b)  -> (artifact id: 'abe39fcd1414168641d4a4f823275da9') in 0.018489 seconds 
========================================================================
Received Import Request.
  Time since last request: 0.000024 seconds.
  path: Assets/Umgebung/SimpleNaturePack/Prefabs/Tree_04.prefab
  artifactKey: Guid(f0c16f0ea935ea64297ca1d4d55d9746) Importer(815301076,1909f56bfc062723c751e8b465ee728b)
Start importing Assets/Umgebung/SimpleNaturePack/Prefabs/Tree_04.prefab using Guid(f0c16f0ea935ea64297ca1d4d55d9746) Importer(815301076,1909f56bfc062723c751e8b465ee728b)  -> (artifact id: '1fea9a1ba5656819ef03378f2bd28ad3') in 0.032620 seconds 
========================================================================
Received Import Request.
  Time since last request: 0.000028 seconds.
  path: Assets/Umgebung/SimpleNaturePack/Prefabs/Tree_01.prefab
  artifactKey: Guid(88f2fd29f58b9734683512546acec310) Importer(815301076,1909f56bfc062723c751e8b465ee728b)
Start importing Assets/Umgebung/SimpleNaturePack/Prefabs/Tree_01.prefab using Guid(88f2fd29f58b9734683512546acec310) Importer(815301076,1909f56bfc062723c751e8b465ee728b)  -> (artifact id: '0f35fffec43b0ba9cc2a2b07ad928024') in 0.018079 seconds 
========================================================================
Received Import Request.
  Time since last request: 0.000029 seconds.
  path: Assets/Umgebung/SimpleNaturePack/Prefabs/Mushroom_02.prefab
  artifactKey: Guid(494f6d43e170e9145bc7865d243ee00b) Importer(815301076,1909f56bfc062723c751e8b465ee728b)
Start importing Assets/Umgebung/SimpleNaturePack/Prefabs/Mushroom_02.prefab using Guid(494f6d43e170e9145bc7865d243ee00b) Importer(815301076,1909f56bfc062723c751e8b465ee728b)  -> (artifact id: '8331b6ef467c2969c078b48a39b24212') in 0.014517 seconds 
========================================================================
Received Import Request.
  Time since last request: 0.000027 seconds.
  path: Assets/Umgebung/SimpleNaturePack/Prefabs/Rock_03.prefab
  artifactKey: Guid(0fde05fa0f3321942a21896ff4f0856f) Importer(815301076,1909f56bfc062723c751e8b465ee728b)
Start importing Assets/Umgebung/SimpleNaturePack/Prefabs/Rock_03.prefab using Guid(0fde05fa0f3321942a21896ff4f0856f) Importer(815301076,1909f56bfc062723c751e8b465ee728b)  -> (artifact id: 'cc5289b045d4e98fca345c3ef5a28f62') in 0.014351 seconds 
========================================================================
Received Import Request.
  Time since last request: 0.000021 seconds.
  path: Assets/Umgebung/SimpleNaturePack/Prefabs/Rock_05.prefab
  artifactKey: Guid(a778b631c6253a04899cb31bad047c81) Importer(815301076,1909f56bfc062723c751e8b465ee728b)
Start importing Assets/Umgebung/SimpleNaturePack/Prefabs/Rock_05.prefab using Guid(a778b631c6253a04899cb31bad047c81) Importer(815301076,1909f56bfc062723c751e8b465ee728b)  -> (artifact id: 'e4ea5f6aafba85197a7798ac82b80754') in 0.017293 seconds 
========================================================================
Received Import Request.
  Time since last request: 0.000022 seconds.
  path: Assets/Umgebung/SimpleNaturePack/Prefabs/Grass_01.prefab
  artifactKey: Guid(f1fc5bb90ac285e4486771552d63bcb8) Importer(815301076,1909f56bfc062723c751e8b465ee728b)
Start importing Assets/Umgebung/SimpleNaturePack/Prefabs/Grass_01.prefab using Guid(f1fc5bb90ac285e4486771552d63bcb8) Importer(815301076,1909f56bfc062723c751e8b465ee728b)  -> (artifact id: 'd90d9ac990da1be29fe3d195e8475b07') in 0.014298 seconds 
========================================================================
Received Import Request.
  Time since last request: 0.000022 seconds.
  path: Assets/Umgebung/SimpleNaturePack/Prefabs/Ground_01.prefab
  artifactKey: Guid(ebee340de387f334f9ac44e044abd8fb) Importer(815301076,1909f56bfc062723c751e8b465ee728b)
Start importing Assets/Umgebung/SimpleNaturePack/Prefabs/Ground_01.prefab using Guid(ebee340de387f334f9ac44e044abd8fb) Importer(815301076,1909f56bfc062723c751e8b465ee728b)  -> (artifact id: '34ca0910b51aad5e7da566571e416255') in 0.022771 seconds 
========================================================================
Received Import Request.
  Time since last request: 0.000021 seconds.
  path: Assets/Umgebung/SimpleNaturePack/Prefabs/Stump_01.prefab
  artifactKey: Guid(eebb56c82efbd8d4bb0eb6bd925a0e9d) Importer(815301076,1909f56bfc062723c751e8b465ee728b)
Start importing Assets/Umgebung/SimpleNaturePack/Prefabs/Stump_01.prefab using Guid(eebb56c82efbd8d4bb0eb6bd925a0e9d) Importer(815301076,1909f56bfc062723c751e8b465ee728b)  -> (artifact id: 'c0cf74415eff5e8a85335a40ce63dc94') in 0.028642 seconds 
========================================================================
Received Import Request.
  Time since last request: 0.000032 seconds.
  path: Assets/Umgebung/SimpleNaturePack/Prefabs/Tree_02.prefab
  artifactKey: Guid(e289bf5debb17f6459818c207d781953) Importer(815301076,1909f56bfc062723c751e8b465ee728b)
Start importing Assets/Umgebung/SimpleNaturePack/Prefabs/Tree_02.prefab using Guid(e289bf5debb17f6459818c207d781953) Importer(815301076,1909f56bfc062723c751e8b465ee728b)  -> (artifact id: 'fc9aacba843953e5452fd52dc50c5f6f') in 0.014600 seconds 
========================================================================
Received Import Request.
  Time since last request: 0.000020 seconds.
  path: Assets/Umgebung/SimpleNaturePack/Prefabs/Ground_02.prefab
  artifactKey: Guid(e2e682b966e3f644392ffbfab511e0e2) Importer(815301076,1909f56bfc062723c751e8b465ee728b)
Start importing Assets/Umgebung/SimpleNaturePack/Prefabs/Ground_02.prefab using Guid(e2e682b966e3f644392ffbfab511e0e2) Importer(815301076,1909f56bfc062723c751e8b465ee728b)  -> (artifact id: 'c6d117786d9748fe87fd9f1f8ec3284d') in 0.014626 seconds 
========================================================================
Received Import Request.
  Time since last request: 0.000028 seconds.
  path: Assets/Umgebung/SimpleNaturePack/Prefabs/Bush_02.prefab
  artifactKey: Guid(b71b0f8d2f881c743a85228f3030d1cb) Importer(815301076,1909f56bfc062723c751e8b465ee728b)
Start importing Assets/Umgebung/SimpleNaturePack/Prefabs/Bush_02.prefab using Guid(b71b0f8d2f881c743a85228f3030d1cb) Importer(815301076,1909f56bfc062723c751e8b465ee728b)  -> (artifact id: '39e8a5a297b8248323df40eda4411d48') in 0.026370 seconds 
========================================================================
Received Import Request.
  Time since last request: 36.145567 seconds.
  path: Assets/Umgebung/SimpleLowPolyNature/Prefabs/Cloud1.prefab
  artifactKey: Guid(6789997751c6130409b863c46ad59295) Importer(815301076,1909f56bfc062723c751e8b465ee728b)
Start importing Assets/Umgebung/SimpleLowPolyNature/Prefabs/Cloud1.prefab using Guid(6789997751c6130409b863c46ad59295) Importer(815301076,1909f56bfc062723c751e8b465ee728b)  -> (artifact id: '7e8419e758f0bb2664600bd25f88216a') in 0.018302 seconds 
========================================================================
Received Import Request.
  Time since last request: 0.000050 seconds.
  path: Assets/Umgebung/SimpleLowPolyNature/Prefabs/Tree2.prefab
  artifactKey: Guid(3e2accafa3a5f1b40ba86cf39bcb49a7) Importer(815301076,1909f56bfc062723c751e8b465ee728b)
Start importing Assets/Umgebung/SimpleLowPolyNature/Prefabs/Tree2.prefab using Guid(3e2accafa3a5f1b40ba86cf39bcb49a7) Importer(815301076,1909f56bfc062723c751e8b465ee728b)  -> (artifact id: '2383f9896608b202768888478c5497a7') in 0.017106 seconds 
========================================================================
Received Import Request.
  Time since last request: 0.000030 seconds.
  path: Assets/Umgebung/SimpleLowPolyNature/Prefabs/Rock12.prefab
  artifactKey: Guid(169e5f050a9f145489237cc7105f3c1d) Importer(815301076,1909f56bfc062723c751e8b465ee728b)
Start importing Assets/Umgebung/SimpleLowPolyNature/Prefabs/Rock12.prefab using Guid(169e5f050a9f145489237cc7105f3c1d) Importer(815301076,1909f56bfc062723c751e8b465ee728b)  -> (artifact id: '16b8e0c17592852833062256a11b3cf1') in 0.013672 seconds 
========================================================================
Received Import Request.
  Time since last request: 0.000025 seconds.
  path: Assets/Umgebung/SimpleLowPolyNature/Prefabs/Flower3.prefab
  artifactKey: Guid(221bd8eee906efe489a9f1c8aad0ec09) Importer(815301076,1909f56bfc062723c751e8b465ee728b)
Start importing Assets/Umgebung/SimpleLowPolyNature/Prefabs/Flower3.prefab using Guid(221bd8eee906efe489a9f1c8aad0ec09) Importer(815301076,1909f56bfc062723c751e8b465ee728b)  -> (artifact id: '44042de8de8362877edec21fff340696') in 0.013724 seconds 
========================================================================
Received Import Request.
  Time since last request: 0.000031 seconds.
  path: Assets/Umgebung/SimpleLowPolyNature/Prefabs/WoodFence2.prefab
  artifactKey: Guid(5172505cfbc25c644ad2ab70b9c6271a) Importer(815301076,1909f56bfc062723c751e8b465ee728b)
Start importing Assets/Umgebung/SimpleLowPolyNature/Prefabs/WoodFence2.prefab using Guid(5172505cfbc25c644ad2ab70b9c6271a) Importer(815301076,1909f56bfc062723c751e8b465ee728b)  -> (artifact id: '9a73bdac586cd01e064ba002137c87eb') in 0.015924 seconds 
========================================================================
Received Import Request.
  Time since last request: 0.000044 seconds.
  path: Assets/Umgebung/SimpleLowPolyNature/Prefabs/LightingPlant1.prefab
  artifactKey: Guid(46ca9bca5d4d6824c9973375d741a3df) Importer(815301076,1909f56bfc062723c751e8b465ee728b)
Start importing Assets/Umgebung/SimpleLowPolyNature/Prefabs/LightingPlant1.prefab using Guid(46ca9bca5d4d6824c9973375d741a3df) Importer(815301076,1909f56bfc062723c751e8b465ee728b)  -> (artifact id: '62c44e010982b467985d0da9cc0fc98b') in 0.015239 seconds 
========================================================================
Received Import Request.
  Time since last request: 0.000034 seconds.
  path: Assets/Umgebung/SimpleLowPolyNature/Prefabs/Mushroom3.prefab
  artifactKey: Guid(b87c30b9056d0fb4dbb257b188a32501) Importer(815301076,1909f56bfc062723c751e8b465ee728b)
Start importing Assets/Umgebung/SimpleLowPolyNature/Prefabs/Mushroom3.prefab using Guid(b87c30b9056d0fb4dbb257b188a32501) Importer(815301076,1909f56bfc062723c751e8b465ee728b)  -> (artifact id: '3a586dcb412320e6a1b5516ad0eb023b') in 0.014872 seconds 
========================================================================
Received Import Request.
  Time since last request: 0.000021 seconds.
  path: Assets/Umgebung/SimpleLowPolyNature/Prefabs/TreePink3.prefab
  artifactKey: Guid(1850815f38acaab4085c2fb6a7ca2928) Importer(815301076,1909f56bfc062723c751e8b465ee728b)
Start importing Assets/Umgebung/SimpleLowPolyNature/Prefabs/TreePink3.prefab using Guid(1850815f38acaab4085c2fb6a7ca2928) Importer(815301076,1909f56bfc062723c751e8b465ee728b)  -> (artifact id: 'a6fb3242033de6b3aef1a343b42562dd') in 0.014991 seconds 
========================================================================
Received Import Request.
  Time since last request: 0.000020 seconds.
  path: Assets/Umgebung/SimpleLowPolyNature/Prefabs/TreeYellow1.prefab
  artifactKey: Guid(d85f77d368a7cb74d88aeccc3c5a5348) Importer(815301076,1909f56bfc062723c751e8b465ee728b)
Start importing Assets/Umgebung/SimpleLowPolyNature/Prefabs/TreeYellow1.prefab using Guid(d85f77d368a7cb74d88aeccc3c5a5348) Importer(815301076,1909f56bfc062723c751e8b465ee728b)  -> (artifact id: '4c8e9f324b3330dcc97e3d6b1d0aa07d') in 0.014664 seconds 
========================================================================
Received Import Request.
  Time since last request: 0.000033 seconds.
  path: Assets/Umgebung/SimpleLowPolyNature/Prefabs/Rock6.prefab
  artifactKey: Guid(3f999b6beafe9d249bf9c3a91ff26ff6) Importer(815301076,1909f56bfc062723c751e8b465ee728b)
Start importing Assets/Umgebung/SimpleLowPolyNature/Prefabs/Rock6.prefab using Guid(3f999b6beafe9d249bf9c3a91ff26ff6) Importer(815301076,1909f56bfc062723c751e8b465ee728b)  -> (artifact id: '0bc82303057ee4625b6f49104fe58357') in 0.012452 seconds 
========================================================================
Received Import Request.
  Time since last request: 0.000025 seconds.
  path: Assets/Umgebung/SimpleLowPolyNature/Prefabs/TreePink1.prefab
  artifactKey: Guid(ccebfc242bed46749a5dcef87dd83423) Importer(815301076,1909f56bfc062723c751e8b465ee728b)
Start importing Assets/Umgebung/SimpleLowPolyNature/Prefabs/TreePink1.prefab using Guid(ccebfc242bed46749a5dcef87dd83423) Importer(815301076,1909f56bfc062723c751e8b465ee728b)  -> (artifact id: '5101d0883614cec76847b422ed81e814') in 0.014835 seconds 
========================================================================
Received Import Request.
  Time since last request: 0.000024 seconds.
  path: Assets/Umgebung/SimpleLowPolyNature/Prefabs/Mushroom2.prefab
  artifactKey: Guid(5ad0841d147e6664f9ee38e733624608) Importer(815301076,1909f56bfc062723c751e8b465ee728b)
Start importing Assets/Umgebung/SimpleLowPolyNature/Prefabs/Mushroom2.prefab using Guid(5ad0841d147e6664f9ee38e733624608) Importer(815301076,1909f56bfc062723c751e8b465ee728b)  -> (artifact id: '19a7c09dcb3d89f8421f140d7f3d7777') in 0.013725 seconds 
========================================================================
Received Import Request.
  Time since last request: 0.000023 seconds.
  path: Assets/Umgebung/SimpleLowPolyNature/Prefabs/Rock1.prefab
  artifactKey: Guid(c0695e50372965840badd7b84ed57617) Importer(815301076,1909f56bfc062723c751e8b465ee728b)
Start importing Assets/Umgebung/SimpleLowPolyNature/Prefabs/Rock1.prefab using Guid(c0695e50372965840badd7b84ed57617) Importer(815301076,1909f56bfc062723c751e8b465ee728b)  -> (artifact id: 'ca2053e7ad88b97473d783e1801749a1') in 0.012836 seconds 
========================================================================
Received Import Request.
  Time since last request: 0.000020 seconds.
  path: Assets/Umgebung/SimpleLowPolyNature/Prefabs/Flower4.prefab
  artifactKey: Guid(96d41c598e0118d4e8684be3e2d7effb) Importer(815301076,1909f56bfc062723c751e8b465ee728b)
Start importing Assets/Umgebung/SimpleLowPolyNature/Prefabs/Flower4.prefab using Guid(96d41c598e0118d4e8684be3e2d7effb) Importer(815301076,1909f56bfc062723c751e8b465ee728b)  -> (artifact id: '72801b2bd09e0ce17b0a12c28ed882bb') in 0.015769 seconds 
========================================================================
Received Import Request.
  Time since last request: 0.000025 seconds.
  path: Assets/Umgebung/SimpleLowPolyNature/Prefabs/TreeYellow3.prefab
  artifactKey: Guid(2196e66c52d25ac469e55fb8f4d54d4a) Importer(815301076,1909f56bfc062723c751e8b465ee728b)
Start importing Assets/Umgebung/SimpleLowPolyNature/Prefabs/TreeYellow3.prefab using Guid(2196e66c52d25ac469e55fb8f4d54d4a) Importer(815301076,1909f56bfc062723c751e8b465ee728b)  -> (artifact id: 'dbadf262d6d1ec73d1f876038d89f484') in 0.014184 seconds 
========================================================================
Received Import Request.
  Time since last request: 0.000026 seconds.
  path: Assets/Umgebung/SimpleLowPolyNature/Prefabs/Flower2.prefab
  artifactKey: Guid(d7375139d18121f4daae96053a84e4c9) Importer(815301076,1909f56bfc062723c751e8b465ee728b)
Start importing Assets/Umgebung/SimpleLowPolyNature/Prefabs/Flower2.prefab using Guid(d7375139d18121f4daae96053a84e4c9) Importer(815301076,1909f56bfc062723c751e8b465ee728b)  -> (artifact id: '95bd1e5dcd5d2afb9a58e635f2b983cb') in 0.013516 seconds 
========================================================================
Received Import Request.
  Time since last request: 0.000030 seconds.
  path: Assets/Umgebung/SimpleLowPolyNature/Prefabs/Rock10.prefab
  artifactKey: Guid(dc53baa962b6d244cb9e81ec33c0865a) Importer(815301076,1909f56bfc062723c751e8b465ee728b)
Start importing Assets/Umgebung/SimpleLowPolyNature/Prefabs/Rock10.prefab using Guid(dc53baa962b6d244cb9e81ec33c0865a) Importer(815301076,1909f56bfc062723c751e8b465ee728b)  -> (artifact id: '0f95dc7fbe76a8434d406744e022a6d8') in 0.013066 seconds 
========================================================================
Received Import Request.
  Time since last request: 0.000025 seconds.
  path: Assets/Umgebung/SimpleLowPolyNature/Prefabs/Rock5.prefab
  artifactKey: Guid(daf661d478fbcbf4791f00721500cb43) Importer(815301076,1909f56bfc062723c751e8b465ee728b)
Start importing Assets/Umgebung/SimpleLowPolyNature/Prefabs/Rock5.prefab using Guid(daf661d478fbcbf4791f00721500cb43) Importer(815301076,1909f56bfc062723c751e8b465ee728b)  -> (artifact id: 'fa79d138ad7fd7a9442eb54e7c35a397') in 0.013305 seconds 
========================================================================
Received Import Request.
  Time since last request: 0.000029 seconds.
  path: Assets/Umgebung/SimpleLowPolyNature/Prefabs/Water.prefab
  artifactKey: Guid(8205d36f5448674429e263cd4800fd0a) Importer(815301076,1909f56bfc062723c751e8b465ee728b)
Start importing Assets/Umgebung/SimpleLowPolyNature/Prefabs/Water.prefab using Guid(8205d36f5448674429e263cd4800fd0a) Importer(815301076,1909f56bfc062723c751e8b465ee728b)  -> (artifact id: 'df42f347fe003aa8cc7959e8ff4e64a2') in 0.292475 seconds 
========================================================================
Received Import Request.
  Time since last request: 0.000030 seconds.
  path: Assets/Umgebung/SimpleLowPolyNature/Prefabs/WoodFence1.prefab
  artifactKey: Guid(aa99a810914c5b84b9bc5d51f95dd05c) Importer(815301076,1909f56bfc062723c751e8b465ee728b)
Start importing Assets/Umgebung/SimpleLowPolyNature/Prefabs/WoodFence1.prefab using Guid(aa99a810914c5b84b9bc5d51f95dd05c) Importer(815301076,1909f56bfc062723c751e8b465ee728b)  -> (artifact id: '3fd552121b735cb4240e390f9ade4cd5') in 0.013273 seconds 
========================================================================
Received Import Request.
  Time since last request: 0.000045 seconds.
  path: Assets/Umgebung/SimpleLowPolyNature/Prefabs/Cloud2.prefab
  artifactKey: Guid(fddda2a39f85ef043ad3625db468391f) Importer(815301076,1909f56bfc062723c751e8b465ee728b)
Start importing Assets/Umgebung/SimpleLowPolyNature/Prefabs/Cloud2.prefab using Guid(fddda2a39f85ef043ad3625db468391f) Importer(815301076,1909f56bfc062723c751e8b465ee728b)  -> (artifact id: '895e68b4a7b323f8fb1fd14d78726b81') in 0.012410 seconds 
========================================================================
Received Import Request.
  Time since last request: 0.000027 seconds.
  path: Assets/Umgebung/SimpleLowPolyNature/Prefabs/Clouds1Layer.prefab
  artifactKey: Guid(e1eaa02314a382d4193af3de770677f6) Importer(815301076,1909f56bfc062723c751e8b465ee728b)
Start importing Assets/Umgebung/SimpleLowPolyNature/Prefabs/Clouds1Layer.prefab using Guid(e1eaa02314a382d4193af3de770677f6) Importer(815301076,1909f56bfc062723c751e8b465ee728b)  -> (artifact id: '11aacdfb18221703faa8ebf78b5fb08d') in 0.016002 seconds 
========================================================================
Received Import Request.
  Time since last request: 0.000020 seconds.
  path: Assets/Umgebung/SimpleLowPolyNature/Prefabs/Log.prefab
  artifactKey: Guid(23bd600a3424d9e44ac451d447977c93) Importer(815301076,1909f56bfc062723c751e8b465ee728b)
Start importing Assets/Umgebung/SimpleLowPolyNature/Prefabs/Log.prefab using Guid(23bd600a3424d9e44ac451d447977c93) Importer(815301076,1909f56bfc062723c751e8b465ee728b)  -> (artifact id: 'ece52d8cc4e78bec889a3a1bb8a45095') in 0.015639 seconds 
========================================================================
Received Import Request.
  Time since last request: 0.000028 seconds.
  path: Assets/Umgebung/SimpleLowPolyNature/Prefabs/Paddle.prefab
  artifactKey: Guid(6a50d63ff5ab71e4b973294a1776270a) Importer(815301076,1909f56bfc062723c751e8b465ee728b)
Start importing Assets/Umgebung/SimpleLowPolyNature/Prefabs/Paddle.prefab using Guid(6a50d63ff5ab71e4b973294a1776270a) Importer(815301076,1909f56bfc062723c751e8b465ee728b)  -> (artifact id: '9f730365d99cbcdd28a5e77ca3af8aff') in 0.012426 seconds 
========================================================================
Received Import Request.
  Time since last request: 0.000019 seconds.
  path: Assets/Umgebung/SimpleLowPolyNature/Prefabs/TreeDead1.prefab
  artifactKey: Guid(292c1954f8e2fd748857db06683062fb) Importer(815301076,1909f56bfc062723c751e8b465ee728b)
Start importing Assets/Umgebung/SimpleLowPolyNature/Prefabs/TreeDead1.prefab using Guid(292c1954f8e2fd748857db06683062fb) Importer(815301076,1909f56bfc062723c751e8b465ee728b)  -> (artifact id: '1c8f759a7790a2fe20e824b7d1453e35') in 0.013960 seconds 
========================================================================
Received Import Request.
  Time since last request: 0.000028 seconds.
  path: Assets/Umgebung/SimpleLowPolyNature/Prefabs/Rock9.prefab
  artifactKey: Guid(c2cb5e8a081a26c4a94df01eb6c4e44c) Importer(815301076,1909f56bfc062723c751e8b465ee728b)
Start importing Assets/Umgebung/SimpleLowPolyNature/Prefabs/Rock9.prefab using Guid(c2cb5e8a081a26c4a94df01eb6c4e44c) Importer(815301076,1909f56bfc062723c751e8b465ee728b)  -> (artifact id: '7ccc495989578cc66e0f109774431450') in 0.013023 seconds 
========================================================================
Received Import Request.
  Time since last request: 0.000024 seconds.
  path: Assets/Umgebung/SimpleLowPolyNature/Prefabs/Ivy1.prefab
  artifactKey: Guid(b3cfafb3174116447b21e588ab379d0b) Importer(815301076,1909f56bfc062723c751e8b465ee728b)
Start importing Assets/Umgebung/SimpleLowPolyNature/Prefabs/Ivy1.prefab using Guid(b3cfafb3174116447b21e588ab379d0b) Importer(815301076,1909f56bfc062723c751e8b465ee728b)  -> (artifact id: '9f6b74bb7297a9f43bf5ab6581154ded') in 0.014642 seconds 
========================================================================
Received Import Request.
  Time since last request: 0.000035 seconds.
  path: Assets/Umgebung/SimpleLowPolyNature/Prefabs/Tree3.prefab
  artifactKey: Guid(a79279818571b6848a9ccb8dcb36dd2c) Importer(815301076,1909f56bfc062723c751e8b465ee728b)
Start importing Assets/Umgebung/SimpleLowPolyNature/Prefabs/Tree3.prefab using Guid(a79279818571b6848a9ccb8dcb36dd2c) Importer(815301076,1909f56bfc062723c751e8b465ee728b)  -> (artifact id: '46f727dca7167eee34c1903758bbb61d') in 0.013711 seconds 
========================================================================
Received Import Request.
  Time since last request: 0.000024 seconds.
  path: Assets/Umgebung/SimpleLowPolyNature/Prefabs/TreeDead2.prefab
  artifactKey: Guid(decec03a9de484948b79da6219847d52) Importer(815301076,1909f56bfc062723c751e8b465ee728b)
Start importing Assets/Umgebung/SimpleLowPolyNature/Prefabs/TreeDead2.prefab using Guid(decec03a9de484948b79da6219847d52) Importer(815301076,1909f56bfc062723c751e8b465ee728b)  -> (artifact id: '037f7ecea37917a0a220ee1740f1d217') in 0.013890 seconds 
========================================================================
Received Import Request.
  Time since last request: 0.000034 seconds.
  path: Assets/Umgebung/SimpleLowPolyNature/Prefabs/Clouds2Layer.prefab
  artifactKey: Guid(89364a38eefe93d4495fa803300fc501) Importer(815301076,1909f56bfc062723c751e8b465ee728b)
Start importing Assets/Umgebung/SimpleLowPolyNature/Prefabs/Clouds2Layer.prefab using Guid(89364a38eefe93d4495fa803300fc501) Importer(815301076,1909f56bfc062723c751e8b465ee728b)  -> (artifact id: '89c4eb0ce88b91013a547bf328a580f0') in 0.015175 seconds 
========================================================================
Received Import Request.
  Time since last request: 0.000046 seconds.
  path: Assets/Umgebung/SimpleLowPolyNature/Prefabs/Mushroom1.prefab
  artifactKey: Guid(1ac31fb474aead74ab0101d0d6546c52) Importer(815301076,1909f56bfc062723c751e8b465ee728b)
Start importing Assets/Umgebung/SimpleLowPolyNature/Prefabs/Mushroom1.prefab using Guid(1ac31fb474aead74ab0101d0d6546c52) Importer(815301076,1909f56bfc062723c751e8b465ee728b)  -> (artifact id: '1b1b634f589c72d5c9f83d7f048f9292') in 0.013798 seconds 
========================================================================
Received Import Request.
  Time since last request: 0.000034 seconds.
  path: Assets/Umgebung/SimpleLowPolyNature/Prefabs/MushroomLarge.prefab
  artifactKey: Guid(47ded181e73460047bae5118c0254d3e) Importer(815301076,1909f56bfc062723c751e8b465ee728b)
Start importing Assets/Umgebung/SimpleLowPolyNature/Prefabs/MushroomLarge.prefab using Guid(47ded181e73460047bae5118c0254d3e) Importer(815301076,1909f56bfc062723c751e8b465ee728b)  -> (artifact id: 'b88924e8323c312ed262560a46c6d10f') in 0.014687 seconds 
========================================================================
Received Import Request.
  Time since last request: 0.000027 seconds.
  path: Assets/Umgebung/SimpleLowPolyNature/Prefabs/PlantEx3.prefab
  artifactKey: Guid(87b04a6b131597e4db952f9810390439) Importer(815301076,1909f56bfc062723c751e8b465ee728b)
Start importing Assets/Umgebung/SimpleLowPolyNature/Prefabs/PlantEx3.prefab using Guid(87b04a6b131597e4db952f9810390439) Importer(815301076,1909f56bfc062723c751e8b465ee728b)  -> (artifact id: '06d7e047054ef1ebec11ba0b86e142d1') in 0.013543 seconds 
========================================================================
Received Import Request.
  Time since last request: 0.000024 seconds.
  path: Assets/Umgebung/SimpleLowPolyNature/Prefabs/Rock8.prefab
  artifactKey: Guid(2e56899687a42f54aa20a3b27f073806) Importer(815301076,1909f56bfc062723c751e8b465ee728b)
Start importing Assets/Umgebung/SimpleLowPolyNature/Prefabs/Rock8.prefab using Guid(2e56899687a42f54aa20a3b27f073806) Importer(815301076,1909f56bfc062723c751e8b465ee728b)  -> (artifact id: '388562901d30953e0f85df5d41b353c7') in 0.013361 seconds 
========================================================================
Received Import Request.
  Time since last request: 0.000027 seconds.
  path: Assets/Umgebung/SimpleLowPolyNature/Prefabs/Flower1.prefab
  artifactKey: Guid(4d1f930728eb81f499eefd1f6d4db221) Importer(815301076,1909f56bfc062723c751e8b465ee728b)
Start importing Assets/Umgebung/SimpleLowPolyNature/Prefabs/Flower1.prefab using Guid(4d1f930728eb81f499eefd1f6d4db221) Importer(815301076,1909f56bfc062723c751e8b465ee728b)  -> (artifact id: 'f3963ce0a6466f07caa5c56d73f9638d') in 0.015777 seconds 
========================================================================
Received Import Request.
  Time since last request: 0.000034 seconds.
  path: Assets/Umgebung/SimpleLowPolyNature/Prefabs/LightingPlant2.prefab
  artifactKey: Guid(92101ed146e7f434cb43a3680c518e75) Importer(815301076,1909f56bfc062723c751e8b465ee728b)
Start importing Assets/Umgebung/SimpleLowPolyNature/Prefabs/LightingPlant2.prefab using Guid(92101ed146e7f434cb43a3680c518e75) Importer(815301076,1909f56bfc062723c751e8b465ee728b)  -> (artifact id: '00b79d293c7d27d03a29668bdb4d8d47') in 0.015112 seconds 
========================================================================
Received Import Request.
  Time since last request: 0.000021 seconds.
  path: Assets/Umgebung/SimpleLowPolyNature/Prefabs/PlantEx4.prefab
  artifactKey: Guid(5693a57c90ef40744848833e4aa5eff8) Importer(815301076,1909f56bfc062723c751e8b465ee728b)
Start importing Assets/Umgebung/SimpleLowPolyNature/Prefabs/PlantEx4.prefab using Guid(5693a57c90ef40744848833e4aa5eff8) Importer(815301076,1909f56bfc062723c751e8b465ee728b)  -> (artifact id: '3d2d38a093748526a4437acbbab7a534') in 0.015510 seconds 
========================================================================
Received Import Request.
  Time since last request: 0.000035 seconds.
  path: Assets/Umgebung/SimpleLowPolyNature/Prefabs/Tree1.prefab
  artifactKey: Guid(5983c8a04c0e73047a6c860b9cd9aaad) Importer(815301076,1909f56bfc062723c751e8b465ee728b)
Start importing Assets/Umgebung/SimpleLowPolyNature/Prefabs/Tree1.prefab using Guid(5983c8a04c0e73047a6c860b9cd9aaad) Importer(815301076,1909f56bfc062723c751e8b465ee728b)  -> (artifact id: 'dea4c3c713e05bb95c68b47242bb8491') in 0.013171 seconds 
========================================================================
Received Import Request.
  Time since last request: 0.000025 seconds.
  path: Assets/Umgebung/SimpleLowPolyNature/Prefabs/WoodBoat.prefab
  artifactKey: Guid(27e25e3bc7ba5f640aea250f9a3842bd) Importer(815301076,1909f56bfc062723c751e8b465ee728b)
Start importing Assets/Umgebung/SimpleLowPolyNature/Prefabs/WoodBoat.prefab using Guid(27e25e3bc7ba5f640aea250f9a3842bd) Importer(815301076,1909f56bfc062723c751e8b465ee728b)  -> (artifact id: '35eabf829aa91b229ac0807cea620730') in 0.014749 seconds 
========================================================================
Received Import Request.
  Time since last request: 0.000020 seconds.
  path: Assets/Umgebung/SimpleLowPolyNature/Prefabs/FallenBranch.prefab
  artifactKey: Guid(f8ccaa39b2ab7414796d8eaab4b7bb81) Importer(815301076,1909f56bfc062723c751e8b465ee728b)
Start importing Assets/Umgebung/SimpleLowPolyNature/Prefabs/FallenBranch.prefab using Guid(f8ccaa39b2ab7414796d8eaab4b7bb81) Importer(815301076,1909f56bfc062723c751e8b465ee728b)  -> (artifact id: '846a3156e728e9d0ae51a26d752b03c5') in 0.013919 seconds 
========================================================================
Received Import Request.
  Time since last request: 0.000025 seconds.
  path: Assets/Umgebung/SimpleLowPolyNature/Prefabs/Ivy2.prefab
  artifactKey: Guid(8c1162e29ab5baf45ad76ebc6e86889b) Importer(815301076,1909f56bfc062723c751e8b465ee728b)
Start importing Assets/Umgebung/SimpleLowPolyNature/Prefabs/Ivy2.prefab using Guid(8c1162e29ab5baf45ad76ebc6e86889b) Importer(815301076,1909f56bfc062723c751e8b465ee728b)  -> (artifact id: 'abb80c15dc0e4b17c5e77e65b70749f0') in 0.016132 seconds 
========================================================================
Received Import Request.
  Time since last request: 0.000023 seconds.
  path: Assets/Umgebung/SimpleLowPolyNature/Prefabs/Rock11.prefab
  artifactKey: Guid(c00ecfa9e008e304ca87beda15e69f43) Importer(815301076,1909f56bfc062723c751e8b465ee728b)
Start importing Assets/Umgebung/SimpleLowPolyNature/Prefabs/Rock11.prefab using Guid(c00ecfa9e008e304ca87beda15e69f43) Importer(815301076,1909f56bfc062723c751e8b465ee728b)  -> (artifact id: 'd0247569689589774eb4eeb83cdf0467') in 0.012977 seconds 
========================================================================
Received Import Request.
  Time since last request: 0.000030 seconds.
  path: Assets/Umgebung/SimpleLowPolyNature/Prefabs/Rock7.prefab
  artifactKey: Guid(387f66ad181e92a48a858cf3a9e7df2f) Importer(815301076,1909f56bfc062723c751e8b465ee728b)
Start importing Assets/Umgebung/SimpleLowPolyNature/Prefabs/Rock7.prefab using Guid(387f66ad181e92a48a858cf3a9e7df2f) Importer(815301076,1909f56bfc062723c751e8b465ee728b)  -> (artifact id: '0b54b69d1908db1c129e7c099fbf196b') in 0.012459 seconds 
========================================================================
Received Import Request.
  Time since last request: 0.000019 seconds.
  path: Assets/Umgebung/SimpleLowPolyNature/Prefabs/Rock2.prefab
  artifactKey: Guid(936441e8ad7465e409c2285b778dfd8f) Importer(815301076,1909f56bfc062723c751e8b465ee728b)
Start importing Assets/Umgebung/SimpleLowPolyNature/Prefabs/Rock2.prefab using Guid(936441e8ad7465e409c2285b778dfd8f) Importer(815301076,1909f56bfc062723c751e8b465ee728b)  -> (artifact id: '8b205c14f0fa135baf3bd594a3513ada') in 0.014214 seconds 
========================================================================
Received Import Request.
  Time since last request: 0.000020 seconds.
  path: Assets/Umgebung/SimpleLowPolyNature/Prefabs/Grass3.prefab
  artifactKey: Guid(aca4c69ba2792044da19860502518138) Importer(815301076,1909f56bfc062723c751e8b465ee728b)
Start importing Assets/Umgebung/SimpleLowPolyNature/Prefabs/Grass3.prefab using Guid(aca4c69ba2792044da19860502518138) Importer(815301076,1909f56bfc062723c751e8b465ee728b)  -> (artifact id: 'b009d46526d1c59df45890af2897b78a') in 0.013128 seconds 
========================================================================
Received Import Request.
  Time since last request: 0.000026 seconds.
  path: Assets/Umgebung/SimpleLowPolyNature/Prefabs/Rock4.prefab
  artifactKey: Guid(1aba0fbf10ced5447ad5eb30f4652084) Importer(815301076,1909f56bfc062723c751e8b465ee728b)
Start importing Assets/Umgebung/SimpleLowPolyNature/Prefabs/Rock4.prefab using Guid(1aba0fbf10ced5447ad5eb30f4652084) Importer(815301076,1909f56bfc062723c751e8b465ee728b)  -> (artifact id: 'd4d72c78ab92aaefb443a265cbe1f2a8') in 0.014255 seconds 
========================================================================
Received Import Request.
  Time since last request: 0.000024 seconds.
  path: Assets/Umgebung/SimpleLowPolyNature/Prefabs/TreeStump.prefab
  artifactKey: Guid(c185f4228ecc7b14cb47ae816197d6b4) Importer(815301076,1909f56bfc062723c751e8b465ee728b)
Start importing Assets/Umgebung/SimpleLowPolyNature/Prefabs/TreeStump.prefab using Guid(c185f4228ecc7b14cb47ae816197d6b4) Importer(815301076,1909f56bfc062723c751e8b465ee728b)  -> (artifact id: '709364b9b11f22edf29757b01e894cfa') in 0.013519 seconds 
========================================================================
Received Import Request.
  Time since last request: 0.000025 seconds.
  path: Assets/Umgebung/SimpleLowPolyNature/Prefabs/Grass1.prefab
  artifactKey: Guid(430aea17f65ddba419bf9f426b17128f) Importer(815301076,1909f56bfc062723c751e8b465ee728b)
Start importing Assets/Umgebung/SimpleLowPolyNature/Prefabs/Grass1.prefab using Guid(430aea17f65ddba419bf9f426b17128f) Importer(815301076,1909f56bfc062723c751e8b465ee728b)  -> (artifact id: '59a9bbd48e90fa174bc940f0a461061b') in 0.018925 seconds 
========================================================================
Received Import Request.
  Time since last request: 0.000048 seconds.
  path: Assets/Umgebung/SimpleLowPolyNature/Prefabs/Grass2.prefab
  artifactKey: Guid(7ca2fa2809968cf47852232e5d4a6e43) Importer(815301076,1909f56bfc062723c751e8b465ee728b)
Start importing Assets/Umgebung/SimpleLowPolyNature/Prefabs/Grass2.prefab using Guid(7ca2fa2809968cf47852232e5d4a6e43) Importer(815301076,1909f56bfc062723c751e8b465ee728b)  -> (artifact id: '3625c2d277d71f7a900a2724baa29c29') in 0.018466 seconds 
========================================================================
Received Import Request.
  Time since last request: 0.000064 seconds.
  path: Assets/Umgebung/SimpleLowPolyNature/Prefabs/PlantEx2.prefab
  artifactKey: Guid(6ab95afc5b621784ca0606b0b15afde3) Importer(815301076,1909f56bfc062723c751e8b465ee728b)
Start importing Assets/Umgebung/SimpleLowPolyNature/Prefabs/PlantEx2.prefab using Guid(6ab95afc5b621784ca0606b0b15afde3) Importer(815301076,1909f56bfc062723c751e8b465ee728b)  -> (artifact id: 'b92bfca0f5fe6028ec6f8f1969c40733') in 0.016989 seconds 
========================================================================
Received Import Request.
  Time since last request: 0.000045 seconds.
  path: Assets/Umgebung/SimpleLowPolyNature/Prefabs/PlantEx1.prefab
  artifactKey: Guid(c0c49c89c2d72a14892c9d4ad23f6dc1) Importer(815301076,1909f56bfc062723c751e8b465ee728b)
Start importing Assets/Umgebung/SimpleLowPolyNature/Prefabs/PlantEx1.prefab using Guid(c0c49c89c2d72a14892c9d4ad23f6dc1) Importer(815301076,1909f56bfc062723c751e8b465ee728b)  -> (artifact id: '8f9a286aa19bc820eeed6fce42742a32') in 0.016243 seconds 
========================================================================
Received Import Request.
  Time since last request: 0.000050 seconds.
  path: Assets/Umgebung/SimpleLowPolyNature/Prefabs/Grass4.prefab
  artifactKey: Guid(08bdb42a7413db34e867890b29e20ecd) Importer(815301076,1909f56bfc062723c751e8b465ee728b)
Start importing Assets/Umgebung/SimpleLowPolyNature/Prefabs/Grass4.prefab using Guid(08bdb42a7413db34e867890b29e20ecd) Importer(815301076,1909f56bfc062723c751e8b465ee728b)  -> (artifact id: 'af8d962e6855c859a2b9e5f4b677f0af') in 0.020117 seconds 
========================================================================
Received Import Request.
  Time since last request: 0.000052 seconds.
  path: Assets/Umgebung/SimpleLowPolyNature/Prefabs/Rock3.prefab
  artifactKey: Guid(1cc366ffed1f2924690139d67a88b254) Importer(815301076,1909f56bfc062723c751e8b465ee728b)
Start importing Assets/Umgebung/SimpleLowPolyNature/Prefabs/Rock3.prefab using Guid(1cc366ffed1f2924690139d67a88b254) Importer(815301076,1909f56bfc062723c751e8b465ee728b)  -> (artifact id: '59aa80913bf5ebe5a16d3398c126a219') in 0.016850 seconds 
========================================================================
Received Import Request.
  Time since last request: 0.000048 seconds.
  path: Assets/Umgebung/SimpleLowPolyNature/Prefabs/Tent.prefab
  artifactKey: Guid(8ac33b2347e9f3c44b5343e4d23173f9) Importer(815301076,1909f56bfc062723c751e8b465ee728b)
Start importing Assets/Umgebung/SimpleLowPolyNature/Prefabs/Tent.prefab using Guid(8ac33b2347e9f3c44b5343e4d23173f9) Importer(815301076,1909f56bfc062723c751e8b465ee728b)  -> (artifact id: '5c3a24eea5e9d42ca35bd4460da61385') in 0.020520 seconds 
Editor requested this worker to shutdown with reason: Scaling down because of idle timeout
AssetImportWorker is now disconnected from the server
Process exiting
Exiting without the bug reporter. Application will terminate with return code 0