Using pre-set license
Built from '2021.3/staging' branch; Version is '2021.3.15f1 (e8e88683f834) revision 15263878'; Using compiler version '192829333'; Build Type 'Release'
OS: 'Windows 10  (10.0.19044) 64bit Core' Language: 'de' Physical Memory: 8019 MB
BatchMode: 1, IsHumanControllingUs: 0, StartBugReporterOnCrash: 0, Is64bit: 1, IsPro: 1

COMMAND LINE ARGUMENTS:
C:\Program Files\Unity\Hub\Editor\2021.3.15f1\Editor\Unity.exe
-adb2
-batchMode
-noUpm
-name
AssetImportWorker1
-projectPath
C:/Users/PC-Benutzer/Documents/GitHub/GirlsDay
-logFile
Logs/AssetImportWorker1.log
-srvPort
52448
Successfully changed project path to: C:/Users/PC-Benutzer/Documents/GitHub/GirlsDay
C:/Users/PC-Benutzer/Documents/GitHub/GirlsDay
[UnityMemory] Configuration Parameters - Can be set up in boot.config
    "memorysetup-bucket-allocator-granularity=16"
    "memorysetup-bucket-allocator-bucket-count=8"
    "memorysetup-bucket-allocator-block-size=33554432"
    "memorysetup-bucket-allocator-block-count=8"
    "memorysetup-main-allocator-block-size=16777216"
    "memorysetup-thread-allocator-block-size=16777216"
    "memorysetup-gfx-main-allocator-block-size=16777216"
    "memorysetup-gfx-thread-allocator-block-size=16777216"
    "memorysetup-cache-allocator-block-size=4194304"
    "memorysetup-typetree-allocator-block-size=2097152"
    "memorysetup-profiler-bucket-allocator-granularity=16"
    "memorysetup-profiler-bucket-allocator-bucket-count=8"
    "memorysetup-profiler-bucket-allocator-block-size=33554432"
    "memorysetup-profiler-bucket-allocator-block-count=8"
    "memorysetup-profiler-allocator-block-size=16777216"
    "memorysetup-profiler-editor-allocator-block-size=1048576"
    "memorysetup-temp-allocator-size-main=16777216"
    "memorysetup-job-temp-allocator-block-size=2097152"
    "memorysetup-job-temp-allocator-block-size-background=1048576"
    "memorysetup-job-temp-allocator-reduction-small-platforms=262144"
    "memorysetup-temp-allocator-size-background-worker=32768"
    "memorysetup-temp-allocator-size-job-worker=262144"
    "memorysetup-temp-allocator-size-preload-manager=33554432"
    "memorysetup-temp-allocator-size-nav-mesh-worker=65536"
    "memorysetup-temp-allocator-size-audio-worker=65536"
    "memorysetup-temp-allocator-size-cloud-worker=32768"
    "memorysetup-temp-allocator-size-gi-baking-worker=262144"
    "memorysetup-temp-allocator-size-gfx=262144"
Player connection [15512] Host "[IP] 141.20.25.16 [Port] 0 [Flags] 2 [Guid] 3344247456 [EditorId] 3344247456 [Version] 1048832 [Id] WindowsEditor(7,DESKTOP-K357QV4) [Debug] 1 [PackageName] WindowsEditor [ProjectName] Editor" joined multi-casting on [225.0.0.222:54997]...

Player connection [15512] Host "[IP] 141.20.25.16 [Port] 0 [Flags] 2 [Guid] 3344247456 [EditorId] 3344247456 [Version] 1048832 [Id] WindowsEditor(7,DESKTOP-K357QV4) [Debug] 1 [PackageName] WindowsEditor [ProjectName] Editor" joined alternative multi-casting on [225.0.0.222:34997]...

Refreshing native plugins compatible for Editor in 128.44 ms, found 12 plugins.
Preloading 1 native plugins for Editor in 0.59 ms.
Initialize engine version: 2021.3.15f1 (e8e88683f834)
[Subsystems] Discovering subsystems at path C:/Program Files/Unity/Hub/Editor/2021.3.15f1/Editor/Data/Resources/UnitySubsystems
[Subsystems] Discovering subsystems at path C:/Users/PC-Benutzer/Documents/GitHub/GirlsDay/Assets
GfxDevice: creating device client; threaded=0; jobified=0
Direct3D:
    Version:  Direct3D 11.0 [level 11.1]
    Renderer: NVIDIA GeForce GTX 980 (ID=0x13c0)
    Vendor:   NVIDIA
    VRAM:     4053 MB
    Driver:   31.0.15.1694
Initialize mono
Mono path[0] = 'C:/Program Files/Unity/Hub/Editor/2021.3.15f1/Editor/Data/Managed'
Mono path[1] = 'C:/Program Files/Unity/Hub/Editor/2021.3.15f1/Editor/Data/MonoBleedingEdge/lib/mono/unityjit-win32'
Mono config path = 'C:/Program Files/Unity/Hub/Editor/2021.3.15f1/Editor/Data/MonoBleedingEdge/etc'
Using monoOptions --debugger-agent=transport=dt_socket,embedding=1,server=y,suspend=n,address=127.0.0.1:56588
Begin MonoManager ReloadAssembly
Registering precompiled unity dll's ...
Register platform support module: C:/Program Files/Unity/Hub/Editor/2021.3.15f1/Editor/Data/PlaybackEngines/WindowsStandaloneSupport/UnityEditor.WindowsStandalone.Extensions.dll
Registered in 0.008568 seconds.
Native extension for WindowsStandalone target not found
Refreshing native plugins compatible for Editor in 115.30 ms, found 12 plugins.
Preloading 1 native plugins for Editor in 0.09 ms.
Mono: successfully reloaded assembly
- Completed reload, in  0.836 seconds
Domain Reload Profiling:
	ReloadAssembly (837ms)
		BeginReloadAssembly (91ms)
			ExecutionOrderSort (0ms)
			DisableScriptedObjects (0ms)
			BackupInstance (0ms)
			ReleaseScriptingObjects (0ms)
			CreateAndSetChildDomain (1ms)
		EndReloadAssembly (602ms)
			LoadAssemblies (87ms)
			RebuildTransferFunctionScriptingTraits (0ms)
			SetupTypeCache (131ms)
			ReleaseScriptCaches (0ms)
			RebuildScriptCaches (33ms)
			SetupLoadedEditorAssemblies (373ms)
				LogAssemblyErrors (0ms)
				InitializePlatformSupportModulesInManaged (9ms)
				SetLoadedEditorAssemblies (0ms)
				RefreshPlugins (115ms)
				BeforeProcessingInitializeOnLoad (2ms)
				ProcessInitializeOnLoadAttributes (186ms)
				ProcessInitializeOnLoadMethodAttributes (61ms)
				AfterProcessingInitializeOnLoad (0ms)
				EditorAssembliesLoaded (0ms)
			ExecutionOrderSort2 (0ms)
			AwakeInstancesAfterBackupRestoration (0ms)
Platform modules already initialized, skipping
Registering precompiled user dll's ...
Registered in 0.012634 seconds.
Begin MonoManager ReloadAssembly
Symbol file LoadedFromMemory doesn't match image C:\Users\PC-Benutzer\Documents\GitHub\GirlsDay\Library\PackageCache\com.unity.visualscripting@1.7.8\Editor\VisualScripting.Core\Dependencies\DotNetZip\Unity.VisualScripting.IonicZip.dll
Symbol file LoadedFromMemory doesn't match image C:\Users\PC-Benutzer\Documents\GitHub\GirlsDay\Library\PackageCache\com.unity.visualscripting@1.7.8\Editor\VisualScripting.Core\Dependencies\YamlDotNet\Unity.VisualScripting.YamlDotNet.dll
Native extension for WindowsStandalone target not found
Refreshing native plugins compatible for Editor in 123.08 ms, found 12 plugins.
Preloading 1 native plugins for Editor in 0.08 ms.
Package Manager log level set to [2]
System.Reflection.TargetInvocationException: Exception has been thrown by the target of an invocation. ---> System.NullReferenceException: Object reference not set to an instance of an object
  at Unity.XR.Oculus.OculusLoader.AssetPathToAbsolutePath (System.String assetPath) [0x0003d] in C:\Users\PC-Benutzer\Documents\GitHub\GirlsDay\Library\PackageCache\com.unity.xr.oculus@3.2.2\Runtime\OculusLoader.cs:296 
  at Unity.XR.Oculus.OculusLoader.EditorLoadOVRPlugin () [0x0007b] in C:\Users\PC-Benutzer\Documents\GitHub\GirlsDay\Library\PackageCache\com.unity.xr.oculus@3.2.2\Runtime\OculusLoader.cs:281 
  at (wrapper managed-to-native) System.Reflection.RuntimeMethodInfo.InternalInvoke(System.Reflection.RuntimeMethodInfo,object,object[],System.Exception&)
  at System.Reflection.RuntimeMethodInfo.Invoke (System.Object obj, System.Reflection.BindingFlags invokeAttr, System.Reflection.Binder binder, System.Object[] parameters, System.Globalization.CultureInfo culture) [0x0006a] in <d6232873609549b8a045fa15811a5bd3>:0 
   --- End of inner exception stack trace ---
  at System.Reflection.RuntimeMethodInfo.Invoke (System.Object obj, System.Reflection.BindingFlags invokeAttr, System.Reflection.Binder binder, System.Object[] parameters, System.Globalization.CultureInfo culture) [0x00083] in <d6232873609549b8a045fa15811a5bd3>:0 
  at System.Reflection.MethodBase.Invoke (System.Object obj, System.Object[] parameters) [0x00000] in <d6232873609549b8a045fa15811a5bd3>:0 
  at UnityEditor.EditorAssemblies.ProcessInitializeOnLoadMethodAttributes () [0x000a5] in <63965ae56af7489797f355b7c1211ab2>:0 
UnityEngine.StackTraceUtility:ExtractStackTrace ()
UnityEngine.DebugLogHandler:LogFormat (UnityEngine.LogType,UnityEngine.Object,string,object[])
UnityEngine.Logger:Log (UnityEngine.LogType,object)
UnityEngine.Debug:LogError (object)
UnityEditor.EditorAssemblies:ProcessInitializeOnLoadMethodAttributes ()

Mono: successfully reloaded assembly
- Completed reload, in  1.695 seconds
Domain Reload Profiling:
	ReloadAssembly (1696ms)
		BeginReloadAssembly (150ms)
			ExecutionOrderSort (0ms)
			DisableScriptedObjects (11ms)
			BackupInstance (0ms)
			ReleaseScriptingObjects (0ms)
			CreateAndSetChildDomain (24ms)
		EndReloadAssembly (1382ms)
			LoadAssemblies (109ms)
			RebuildTransferFunctionScriptingTraits (0ms)
			SetupTypeCache (442ms)
			ReleaseScriptCaches (1ms)
			RebuildScriptCaches (75ms)
			SetupLoadedEditorAssemblies (696ms)
				LogAssemblyErrors (0ms)
				InitializePlatformSupportModulesInManaged (5ms)
				SetLoadedEditorAssemblies (0ms)
				RefreshPlugins (123ms)
				BeforeProcessingInitializeOnLoad (130ms)
				ProcessInitializeOnLoadAttributes (389ms)
				ProcessInitializeOnLoadMethodAttributes (38ms)
				AfterProcessingInitializeOnLoad (10ms)
				EditorAssembliesLoaded (0ms)
			ExecutionOrderSort2 (0ms)
			AwakeInstancesAfterBackupRestoration (7ms)
Platform modules already initialized, skipping
========================================================================
Worker process is ready to serve import requests
Launched and connected shader compiler UnityShaderCompiler.exe after 0.05 seconds
Refreshing native plugins compatible for Editor in 1.66 ms, found 12 plugins.
Preloading 1 native plugins for Editor in 0.17 ms.
Unloading 4220 Unused Serialized files (Serialized files now loaded: 0)
Unloading 54 unused Assets / (114.8 KB). Loaded Objects now: 4672.
Memory consumption went from 158.8 MB to 158.7 MB.
Total: 6.436300 ms (FindLiveObjects: 0.667400 ms CreateObjectMapping: 0.279700 ms MarkObjects: 5.335100 ms  DeleteObjects: 0.153100 ms)

AssetImportParameters requested are different than current active one (requested -> active):
  custom:video-decoder-ogg-theora: a1e56fd34408186e4bbccfd4996cb3dc -> 
  custom:container-muxer-webm: aa71ff27fc2769a1b78a27578f13a17b -> 
  custom:container-demuxer-webm: 4f35f7cbe854078d1ac9338744f61a02 -> 
  custom:video-encoder-webm-vp8: eb34c28f22e8b96e1ab97ce403110664 -> 
  custom:audio-encoder-webm-vorbis: bf7c407c2cedff20999df2af8eb42d56 -> 
  custom:framework-win-MediaFoundation: 216162199b28c13a410421893ffa2e32 -> 
  custom:container-demuxer-ogg: 62fdf1f143b41e24485cea50d1cbac27 -> 
  custom:video-decoder-webm-vp8: 9c59270c3fd7afecdb556c50c9e8de78 -> 
  custom:audio-decoder-ogg-vorbis: bf7c407c2cedff20999df2af8eb42d56 -> 
========================================================================
Received Import Request.
  Time since last request: 1890151.266040 seconds.
  path: Assets/GirlsDay/Prefabs/SM_Bench_01.prefab
  artifactKey: Guid(4383a2e5cb59a9a47b88d999c2299e4a) Importer(815301076,1909f56bfc062723c751e8b465ee728b)
Start importing Assets/GirlsDay/Prefabs/SM_Bench_01.prefab using Guid(4383a2e5cb59a9a47b88d999c2299e4a) Importer(815301076,1909f56bfc062723c751e8b465ee728b)  -> (artifact id: 'e6325abd80fe15b96ba84f5a9544a8e7') in 0.152771 seconds 
========================================================================
Received Import Request.
  Time since last request: 0.000023 seconds.
  path: Assets/GirlsDay/Prefabs/SM_Alcove_01.prefab
  artifactKey: Guid(30de34a35a4305c4498f476c8678d541) Importer(815301076,1909f56bfc062723c751e8b465ee728b)
Start importing Assets/GirlsDay/Prefabs/SM_Alcove_01.prefab using Guid(30de34a35a4305c4498f476c8678d541) Importer(815301076,1909f56bfc062723c751e8b465ee728b)  -> (artifact id: '74c4a392736fee1d2e3575ed2d4a1f98') in 0.019229 seconds 
========================================================================
Received Import Request.
  Time since last request: 0.000026 seconds.
  path: Assets/GirlsDay/Prefabs/ConcreteBarrier_39_v2.prefab
  artifactKey: Guid(70c48be8697ff6140812ee8d2eccd1ef) Importer(815301076,1909f56bfc062723c751e8b465ee728b)
Start importing Assets/GirlsDay/Prefabs/ConcreteBarrier_39_v2.prefab using Guid(70c48be8697ff6140812ee8d2eccd1ef) Importer(815301076,1909f56bfc062723c751e8b465ee728b)  -> (artifact id: 'a7950175f7ecdfe7ec063384e3f576ad') in 0.015553 seconds 
========================================================================
Received Import Request.
  Time since last request: 0.000025 seconds.
  path: Assets/GirlsDay/Prefabs/rpgpp_lt_rock_small_01.prefab
  artifactKey: Guid(dc9954dcaaaee02409e17bacb3dcc453) Importer(815301076,1909f56bfc062723c751e8b465ee728b)
Start importing Assets/GirlsDay/Prefabs/rpgpp_lt_rock_small_01.prefab using Guid(dc9954dcaaaee02409e17bacb3dcc453) Importer(815301076,1909f56bfc062723c751e8b465ee728b)  -> (artifact id: 'f69b6e2bcddb0bb6f3a2fd6d0aa70ac2') in 0.016786 seconds 
========================================================================
Received Import Request.
  Time since last request: 0.000027 seconds.
  path: Assets/GirlsDay/Prefabs/house1.prefab
  artifactKey: Guid(471a0d227c9867541974ee56f41edb47) Importer(815301076,1909f56bfc062723c751e8b465ee728b)
Start importing Assets/GirlsDay/Prefabs/house1.prefab using Guid(471a0d227c9867541974ee56f41edb47) Importer(815301076,1909f56bfc062723c751e8b465ee728b)  -> (artifact id: 'e47f655924c4a357bf60aba160edc589') in 0.017843 seconds 
========================================================================
Received Import Request.
  Time since last request: 0.000018 seconds.
  path: Assets/GirlsDay/Prefabs/moving_platform1.prefab
  artifactKey: Guid(86aaf0dd63f86fa49bff0cb174cdb172) Importer(815301076,1909f56bfc062723c751e8b465ee728b)
Start importing Assets/GirlsDay/Prefabs/moving_platform1.prefab using Guid(86aaf0dd63f86fa49bff0cb174cdb172) Importer(815301076,1909f56bfc062723c751e8b465ee728b)  -> (artifact id: '0836f46e15cec6abeb56481f28044ab5') in 0.014970 seconds 
========================================================================
Received Import Request.
  Time since last request: 0.000022 seconds.
  path: Assets/GirlsDay/Prefabs/SM_Archway_01.prefab
  artifactKey: Guid(92b9500dcd2ea724780127ee172ee9a7) Importer(815301076,1909f56bfc062723c751e8b465ee728b)
Start importing Assets/GirlsDay/Prefabs/SM_Archway_01.prefab using Guid(92b9500dcd2ea724780127ee172ee9a7) Importer(815301076,1909f56bfc062723c751e8b465ee728b)  -> (artifact id: '3a1eb55886b460f8189d8775d5fbcc77') in 0.015196 seconds 
========================================================================
Received Import Request.
  Time since last request: 0.000020 seconds.
  path: Assets/GirlsDay/Prefabs/Rock_04.prefab
  artifactKey: Guid(748ca274b89873247873cee26d353629) Importer(815301076,1909f56bfc062723c751e8b465ee728b)
Start importing Assets/GirlsDay/Prefabs/Rock_04.prefab using Guid(748ca274b89873247873cee26d353629) Importer(815301076,1909f56bfc062723c751e8b465ee728b)  -> (artifact id: '6591e94d7fb791ca9343a9ad45a115e4') in 0.128909 seconds 
========================================================================
Received Import Request.
  Time since last request: 0.000029 seconds.
  path: Assets/GirlsDay/Prefabs/rpgpp_lt_ladder_01.prefab
  artifactKey: Guid(7087784e228be8745af45599a5130532) Importer(815301076,1909f56bfc062723c751e8b465ee728b)
Start importing Assets/GirlsDay/Prefabs/rpgpp_lt_ladder_01.prefab using Guid(7087784e228be8745af45599a5130532) Importer(815301076,1909f56bfc062723c751e8b465ee728b)  -> (artifact id: '95362da91e9ca3b1fa42562d68f1f342') in 0.016055 seconds 
========================================================================
Received Import Request.
  Time since last request: 0.000031 seconds.
  path: Assets/GirlsDay/Prefabs/Mud_01.prefab
  artifactKey: Guid(c4fa87cd4eff4ae4ba4c8d1ad48df5f7) Importer(815301076,1909f56bfc062723c751e8b465ee728b)
Start importing Assets/GirlsDay/Prefabs/Mud_01.prefab using Guid(c4fa87cd4eff4ae4ba4c8d1ad48df5f7) Importer(815301076,1909f56bfc062723c751e8b465ee728b)  -> (artifact id: '044d6115c6b25f133d2fe9982728cc63') in 0.017518 seconds 
========================================================================
Received Import Request.
  Time since last request: 0.000019 seconds.
  path: Assets/GirlsDay/Prefabs/rpgpp_lt_hanger_wood_01.prefab
  artifactKey: Guid(813f38ebf5eabe1429b83876fbaa47db) Importer(815301076,1909f56bfc062723c751e8b465ee728b)
Start importing Assets/GirlsDay/Prefabs/rpgpp_lt_hanger_wood_01.prefab using Guid(813f38ebf5eabe1429b83876fbaa47db) Importer(815301076,1909f56bfc062723c751e8b465ee728b)  -> (artifact id: 'f7af2550165a415ec4888a06b798f071') in 0.016129 seconds 
========================================================================
Received Import Request.
  Time since last request: 0.000025 seconds.
  path: Assets/GirlsDay/Prefabs/crate.prefab
  artifactKey: Guid(2754a1a735285da4597848ca665be218) Importer(815301076,1909f56bfc062723c751e8b465ee728b)
Start importing Assets/GirlsDay/Prefabs/crate.prefab using Guid(2754a1a735285da4597848ca665be218) Importer(815301076,1909f56bfc062723c751e8b465ee728b)  -> (artifact id: 'b8cda22cf1e88ff0be03aeb6a7779cdf') in 0.017225 seconds 
========================================================================
Received Import Request.
  Time since last request: 0.000020 seconds.
  path: Assets/GirlsDay/Prefabs/BarbedWireFence_36_v1.prefab
  artifactKey: Guid(17ae22a8c221d254f84fbe0e68ed0705) Importer(815301076,1909f56bfc062723c751e8b465ee728b)
Start importing Assets/GirlsDay/Prefabs/BarbedWireFence_36_v1.prefab using Guid(17ae22a8c221d254f84fbe0e68ed0705) Importer(815301076,1909f56bfc062723c751e8b465ee728b)  -> (artifact id: '6a1cd08a5bfb20cf73fca17a4c12edeb') in 0.020246 seconds 
========================================================================
Received Import Request.
  Time since last request: 0.000019 seconds.
  path: Assets/GirlsDay/Prefabs/rpgpp_lt_rock_02.prefab
  artifactKey: Guid(491dc122236ad9749a046177ea69736d) Importer(815301076,1909f56bfc062723c751e8b465ee728b)
Start importing Assets/GirlsDay/Prefabs/rpgpp_lt_rock_02.prefab using Guid(491dc122236ad9749a046177ea69736d) Importer(815301076,1909f56bfc062723c751e8b465ee728b)  -> (artifact id: '8939fc66999b5076e20c3554494833cf') in 0.017223 seconds 
========================================================================
Received Import Request.
  Time since last request: 0.000020 seconds.
  path: Assets/GirlsDay/Prefabs/rock2.prefab
  artifactKey: Guid(942f402c51c9ef74c9c8670ce45176b0) Importer(815301076,1909f56bfc062723c751e8b465ee728b)
Start importing Assets/GirlsDay/Prefabs/rock2.prefab using Guid(942f402c51c9ef74c9c8670ce45176b0) Importer(815301076,1909f56bfc062723c751e8b465ee728b)  -> (artifact id: '5bcffb90e2c616b45ae65fb0c844299b') in 0.017159 seconds 
========================================================================
Received Import Request.
  Time since last request: 0.000018 seconds.
  path: Assets/GirlsDay/Prefabs/Bench.prefab
  artifactKey: Guid(9940890b83599fa419085468d75dcb0d) Importer(815301076,1909f56bfc062723c751e8b465ee728b)
Start importing Assets/GirlsDay/Prefabs/Bench.prefab using Guid(9940890b83599fa419085468d75dcb0d) Importer(815301076,1909f56bfc062723c751e8b465ee728b)  -> (artifact id: '4c5c00c2377e7f6ae8a4319fd2fc449b') in 0.016778 seconds 
========================================================================
Received Import Request.
  Time since last request: 0.000020 seconds.
  path: Assets/GirlsDay/Prefabs/Block2.prefab
  artifactKey: Guid(5d84219bd41020641b740c1d7f5ee465) Importer(815301076,1909f56bfc062723c751e8b465ee728b)
Start importing Assets/GirlsDay/Prefabs/Block2.prefab using Guid(5d84219bd41020641b740c1d7f5ee465) Importer(815301076,1909f56bfc062723c751e8b465ee728b)  -> (artifact id: 'f932e42c22f57dd34c6fc42f3a211cff') in 0.016354 seconds 
========================================================================
Received Import Request.
  Time since last request: 0.000027 seconds.
  path: Assets/GirlsDay/Prefabs/rpgpp_lt_hanger_clothes_01.prefab
  artifactKey: Guid(9e6377f4cae22eb4194f71c6e76c37b9) Importer(815301076,1909f56bfc062723c751e8b465ee728b)
Start importing Assets/GirlsDay/Prefabs/rpgpp_lt_hanger_clothes_01.prefab using Guid(9e6377f4cae22eb4194f71c6e76c37b9) Importer(815301076,1909f56bfc062723c751e8b465ee728b)  -> (artifact id: '9ea69b9cd22d054b5531ee5eba9111b6') in 0.016524 seconds 
========================================================================
Received Import Request.
  Time since last request: 0.000032 seconds.
  path: Assets/GirlsDay/Prefabs/Rock_hole_1.prefab
  artifactKey: Guid(643bc461c37256d4abfca7ccc3d50dc4) Importer(815301076,1909f56bfc062723c751e8b465ee728b)
Start importing Assets/GirlsDay/Prefabs/Rock_hole_1.prefab using Guid(643bc461c37256d4abfca7ccc3d50dc4) Importer(815301076,1909f56bfc062723c751e8b465ee728b)  -> (artifact id: 'cbf701bfb9bf12ddfc7904a66b8c0778') in 0.016253 seconds 
========================================================================
Received Import Request.
  Time since last request: 0.000023 seconds.
  path: Assets/GirlsDay/Prefabs/rpgpp_lt_rock_01.prefab
  artifactKey: Guid(6fc2010b5899cfd488a0ddf205679e2b) Importer(815301076,1909f56bfc062723c751e8b465ee728b)
Start importing Assets/GirlsDay/Prefabs/rpgpp_lt_rock_01.prefab using Guid(6fc2010b5899cfd488a0ddf205679e2b) Importer(815301076,1909f56bfc062723c751e8b465ee728b)  -> (artifact id: 'abf854348cfc23624db072d737be6062') in 0.016307 seconds 
========================================================================
Received Import Request.
  Time since last request: 0.000019 seconds.
  path: Assets/GirlsDay/Prefabs/SandBarrier_28_v1.prefab
  artifactKey: Guid(0371f61bcdd2799478720637ee746b4f) Importer(815301076,1909f56bfc062723c751e8b465ee728b)
Start importing Assets/GirlsDay/Prefabs/SandBarrier_28_v1.prefab using Guid(0371f61bcdd2799478720637ee746b4f) Importer(815301076,1909f56bfc062723c751e8b465ee728b)  -> (artifact id: '67139d5c7ea5a887d86b3b6838aaff1d') in 0.015880 seconds 
========================================================================
Received Import Request.
  Time since last request: 37.444742 seconds.
  path: Assets/GirlsDay/Prefabs/SM_Border_01.prefab
  artifactKey: Guid(e1b71672fd2c5ab41bb58d8c8bbb8469) Importer(815301076,1909f56bfc062723c751e8b465ee728b)
Start importing Assets/GirlsDay/Prefabs/SM_Border_01.prefab using Guid(e1b71672fd2c5ab41bb58d8c8bbb8469) Importer(815301076,1909f56bfc062723c751e8b465ee728b)  -> (artifact id: '3bfef36764b281662d27773ecc10209c') in 0.018501 seconds 
========================================================================
Received Import Request.
  Time since last request: 0.000025 seconds.
  path: Assets/GirlsDay/Prefabs/SM_Border_40.prefab
  artifactKey: Guid(f57df6306c27153428ccdaf4afc9067d) Importer(815301076,1909f56bfc062723c751e8b465ee728b)
Start importing Assets/GirlsDay/Prefabs/SM_Border_40.prefab using Guid(f57df6306c27153428ccdaf4afc9067d) Importer(815301076,1909f56bfc062723c751e8b465ee728b)  -> (artifact id: '85a07da2d855f350fbaef7238cfb2390') in 0.017515 seconds 
========================================================================
Received Import Request.
  Time since last request: 0.000021 seconds.
  path: Assets/GirlsDay/Prefabs/SM_Chair_01.prefab
  artifactKey: Guid(500925a97305aff4a8bc1171f7643ff4) Importer(815301076,1909f56bfc062723c751e8b465ee728b)
Start importing Assets/GirlsDay/Prefabs/SM_Chair_01.prefab using Guid(500925a97305aff4a8bc1171f7643ff4) Importer(815301076,1909f56bfc062723c751e8b465ee728b)  -> (artifact id: '3a4f785220e59ad67e01c96fb1ec0773') in 0.087741 seconds 
========================================================================
Received Import Request.
  Time since last request: 0.000018 seconds.
  path: Assets/GirlsDay/Prefabs/SM_Chair_02.prefab
  artifactKey: Guid(f9c7a0fb35d0caf4ca51e7ca6fc9a87a) Importer(815301076,1909f56bfc062723c751e8b465ee728b)
Start importing Assets/GirlsDay/Prefabs/SM_Chair_02.prefab using Guid(f9c7a0fb35d0caf4ca51e7ca6fc9a87a) Importer(815301076,1909f56bfc062723c751e8b465ee728b)  -> (artifact id: '869d97b51343e54ec02485ef6681af4b') in 0.035721 seconds 
========================================================================
Received Import Request.
  Time since last request: 43.468524 seconds.
  path: Assets/GirlsDay/Prefabs/SM_Playground_02.prefab
  artifactKey: Guid(320e1716c0bedb84a91c9707981bd279) Importer(815301076,1909f56bfc062723c751e8b465ee728b)
Start importing Assets/GirlsDay/Prefabs/SM_Playground_02.prefab using Guid(320e1716c0bedb84a91c9707981bd279) Importer(815301076,1909f56bfc062723c751e8b465ee728b)  -> (artifact id: 'b36e42c4edfba28125cb075514fee0b4') in 0.038545 seconds 
========================================================================
Received Import Request.
  Time since last request: 0.000022 seconds.
  path: Assets/GirlsDay/Prefabs/SM_Railings_220.prefab
  artifactKey: Guid(20defdf087831834e9fe91491e024973) Importer(815301076,1909f56bfc062723c751e8b465ee728b)
Start importing Assets/GirlsDay/Prefabs/SM_Railings_220.prefab using Guid(20defdf087831834e9fe91491e024973) Importer(815301076,1909f56bfc062723c751e8b465ee728b)  -> (artifact id: '04bd5e7f5eba60c3dbe4b4e7f5a0141c') in 0.025054 seconds 
========================================================================
Received Import Request.
  Time since last request: 0.000021 seconds.
  path: Assets/GirlsDay/Prefabs/SM_Swings_01.prefab
  artifactKey: Guid(9fc0d344e6ba1574183600c17ba78f3b) Importer(815301076,1909f56bfc062723c751e8b465ee728b)
Start importing Assets/GirlsDay/Prefabs/SM_Swings_01.prefab using Guid(9fc0d344e6ba1574183600c17ba78f3b) Importer(815301076,1909f56bfc062723c751e8b465ee728b)  -> (artifact id: 'eceb08985f732185249d754391a4f643') in 0.027152 seconds 
========================================================================
Received Import Request.
  Time since last request: 0.000034 seconds.
  path: Assets/GirlsDay/Prefabs/SM_Stone_02.prefab
  artifactKey: Guid(9e065b028a5d26a43b4157d88572f54d) Importer(815301076,1909f56bfc062723c751e8b465ee728b)
Start importing Assets/GirlsDay/Prefabs/SM_Stone_02.prefab using Guid(9e065b028a5d26a43b4157d88572f54d) Importer(815301076,1909f56bfc062723c751e8b465ee728b)  -> (artifact id: 'ccd8d3b718cea0102f0b4f65589c77f4') in 0.024755 seconds 
========================================================================
Received Import Request.
  Time since last request: 0.000031 seconds.
  path: Assets/GirlsDay/Prefabs/SM_Sandbox_03.prefab
  artifactKey: Guid(f0badc85adb9b744ea1894728e94ef2f) Importer(815301076,1909f56bfc062723c751e8b465ee728b)
Start importing Assets/GirlsDay/Prefabs/SM_Sandbox_03.prefab using Guid(f0badc85adb9b744ea1894728e94ef2f) Importer(815301076,1909f56bfc062723c751e8b465ee728b)  -> (artifact id: '20ebc1707bd1c2b1ce57edbd48544c68') in 0.027471 seconds 
========================================================================
Received Import Request.
  Time since last request: 0.000020 seconds.
  path: Assets/GirlsDay/Prefabs/SM_Sandbox_02.prefab
  artifactKey: Guid(ee3d910545b206946a646dfdbb9b8c71) Importer(815301076,1909f56bfc062723c751e8b465ee728b)
Start importing Assets/GirlsDay/Prefabs/SM_Sandbox_02.prefab using Guid(ee3d910545b206946a646dfdbb9b8c71) Importer(815301076,1909f56bfc062723c751e8b465ee728b)  -> (artifact id: '2fd635aa1dbf66f455d750047648e33b') in 0.025146 seconds 
========================================================================
Received Import Request.
  Time since last request: 0.000023 seconds.
  path: Assets/GirlsDay/Prefabs/SM_Rings_Crossbar_01.prefab
  artifactKey: Guid(ad642aad4a32e5f4288f38f16fecd99b) Importer(815301076,1909f56bfc062723c751e8b465ee728b)
Start importing Assets/GirlsDay/Prefabs/SM_Rings_Crossbar_01.prefab using Guid(ad642aad4a32e5f4288f38f16fecd99b) Importer(815301076,1909f56bfc062723c751e8b465ee728b)  -> (artifact id: '1010b77406d39b506e70ed8da974fee6') in 0.025253 seconds 
========================================================================
Received Import Request.
  Time since last request: 0.000022 seconds.
  path: Assets/GirlsDay/Prefabs/SM_Stand_01.prefab
  artifactKey: Guid(2e045b07ba0f74947bd82b767b57b5fa) Importer(815301076,1909f56bfc062723c751e8b465ee728b)
Start importing Assets/GirlsDay/Prefabs/SM_Stand_01.prefab using Guid(2e045b07ba0f74947bd82b767b57b5fa) Importer(815301076,1909f56bfc062723c751e8b465ee728b)  -> (artifact id: '285c6c8ea51bf6f277a83bffd7391cad') in 0.023796 seconds 
Editor requested this worker to shutdown with reason: Scaling down because of idle timeout
AssetImportWorker is now disconnected from the server
Process exiting
Exiting without the bug reporter. Application will terminate with return code 0