Using pre-set license
Built from '2021.3/staging' branch; Version is '2021.3.15f1 (e8e88683f834) revision 15263878'; Using compiler version '192829333'; Build Type 'Release'
OS: 'Windows 10  (10.0.19044) 64bit Core' Language: 'de' Physical Memory: 8019 MB
BatchMode: 1, IsHumanControllingUs: 0, StartBugReporterOnCrash: 0, Is64bit: 1, IsPro: 1

COMMAND LINE ARGUMENTS:
C:\Program Files\Unity\Hub\Editor\2021.3.15f1\Editor\Unity.exe
-adb2
-batchMode
-noUpm
-name
AssetImportWorker4
-projectPath
C:/Users/PC-Benutzer/Documents/GitHub/GirlsDay
-logFile
Logs/AssetImportWorker4.log
-srvPort
52448
Successfully changed project path to: C:/Users/PC-Benutzer/Documents/GitHub/GirlsDay
C:/Users/PC-Benutzer/Documents/GitHub/GirlsDay
[UnityMemory] Configuration Parameters - Can be set up in boot.config
    "memorysetup-bucket-allocator-granularity=16"
    "memorysetup-bucket-allocator-bucket-count=8"
    "memorysetup-bucket-allocator-block-size=33554432"
    "memorysetup-bucket-allocator-block-count=8"
    "memorysetup-main-allocator-block-size=16777216"
    "memorysetup-thread-allocator-block-size=16777216"
    "memorysetup-gfx-main-allocator-block-size=16777216"
    "memorysetup-gfx-thread-allocator-block-size=16777216"
    "memorysetup-cache-allocator-block-size=4194304"
    "memorysetup-typetree-allocator-block-size=2097152"
    "memorysetup-profiler-bucket-allocator-granularity=16"
    "memorysetup-profiler-bucket-allocator-bucket-count=8"
    "memorysetup-profiler-bucket-allocator-block-size=33554432"
    "memorysetup-profiler-bucket-allocator-block-count=8"
    "memorysetup-profiler-allocator-block-size=16777216"
    "memorysetup-profiler-editor-allocator-block-size=1048576"
    "memorysetup-temp-allocator-size-main=16777216"
    "memorysetup-job-temp-allocator-block-size=2097152"
    "memorysetup-job-temp-allocator-block-size-background=1048576"
    "memorysetup-job-temp-allocator-reduction-small-platforms=262144"
    "memorysetup-temp-allocator-size-background-worker=32768"
    "memorysetup-temp-allocator-size-job-worker=262144"
    "memorysetup-temp-allocator-size-preload-manager=33554432"
    "memorysetup-temp-allocator-size-nav-mesh-worker=65536"
    "memorysetup-temp-allocator-size-audio-worker=65536"
    "memorysetup-temp-allocator-size-cloud-worker=32768"
    "memorysetup-temp-allocator-size-gi-baking-worker=262144"
    "memorysetup-temp-allocator-size-gfx=262144"
Player connection [12616] Host "[IP] 141.20.25.16 [Port] 0 [Flags] 2 [Guid] 1816353142 [EditorId] 1816353142 [Version] 1048832 [Id] WindowsEditor(7,DESKTOP-K357QV4) [Debug] 1 [PackageName] WindowsEditor [ProjectName] Editor" joined multi-casting on [225.0.0.222:54997]...

Player connection [12616] Host "[IP] 141.20.25.16 [Port] 0 [Flags] 2 [Guid] 1816353142 [EditorId] 1816353142 [Version] 1048832 [Id] WindowsEditor(7,DESKTOP-K357QV4) [Debug] 1 [PackageName] WindowsEditor [ProjectName] Editor" joined alternative multi-casting on [225.0.0.222:34997]...

Refreshing native plugins compatible for Editor in 134.00 ms, found 12 plugins.
Preloading 1 native plugins for Editor in 0.68 ms.
Initialize engine version: 2021.3.15f1 (e8e88683f834)
[Subsystems] Discovering subsystems at path C:/Program Files/Unity/Hub/Editor/2021.3.15f1/Editor/Data/Resources/UnitySubsystems
[Subsystems] Discovering subsystems at path C:/Users/PC-Benutzer/Documents/GitHub/GirlsDay/Assets
GfxDevice: creating device client; threaded=0; jobified=0
Direct3D:
    Version:  Direct3D 11.0 [level 11.1]
    Renderer: NVIDIA GeForce GTX 980 (ID=0x13c0)
    Vendor:   NVIDIA
    VRAM:     4053 MB
    Driver:   31.0.15.1694
Initialize mono
Mono path[0] = 'C:/Program Files/Unity/Hub/Editor/2021.3.15f1/Editor/Data/Managed'
Mono path[1] = 'C:/Program Files/Unity/Hub/Editor/2021.3.15f1/Editor/Data/MonoBleedingEdge/lib/mono/unityjit-win32'
Mono config path = 'C:/Program Files/Unity/Hub/Editor/2021.3.15f1/Editor/Data/MonoBleedingEdge/etc'
Using monoOptions --debugger-agent=transport=dt_socket,embedding=1,server=y,suspend=n,address=127.0.0.1:56392
Begin MonoManager ReloadAssembly
Registering precompiled unity dll's ...
Register platform support module: C:/Program Files/Unity/Hub/Editor/2021.3.15f1/Editor/Data/PlaybackEngines/WindowsStandaloneSupport/UnityEditor.WindowsStandalone.Extensions.dll
Registered in 0.012510 seconds.
Native extension for WindowsStandalone target not found
Refreshing native plugins compatible for Editor in 134.04 ms, found 12 plugins.
Preloading 1 native plugins for Editor in 0.09 ms.
Mono: successfully reloaded assembly
- Completed reload, in  0.968 seconds
Domain Reload Profiling:
	ReloadAssembly (969ms)
		BeginReloadAssembly (105ms)
			ExecutionOrderSort (0ms)
			DisableScriptedObjects (0ms)
			BackupInstance (0ms)
			ReleaseScriptingObjects (0ms)
			CreateAndSetChildDomain (1ms)
		EndReloadAssembly (704ms)
			LoadAssemblies (102ms)
			RebuildTransferFunctionScriptingTraits (0ms)
			SetupTypeCache (147ms)
			ReleaseScriptCaches (0ms)
			RebuildScriptCaches (38ms)
			SetupLoadedEditorAssemblies (447ms)
				LogAssemblyErrors (0ms)
				InitializePlatformSupportModulesInManaged (10ms)
				SetLoadedEditorAssemblies (0ms)
				RefreshPlugins (134ms)
				BeforeProcessingInitializeOnLoad (2ms)
				ProcessInitializeOnLoadAttributes (232ms)
				ProcessInitializeOnLoadMethodAttributes (69ms)
				AfterProcessingInitializeOnLoad (0ms)
				EditorAssembliesLoaded (0ms)
			ExecutionOrderSort2 (0ms)
			AwakeInstancesAfterBackupRestoration (0ms)
Platform modules already initialized, skipping
Registering precompiled user dll's ...
Registered in 0.013580 seconds.
Begin MonoManager ReloadAssembly
Symbol file LoadedFromMemory doesn't match image C:\Users\PC-Benutzer\Documents\GitHub\GirlsDay\Library\PackageCache\com.unity.visualscripting@1.7.8\Editor\VisualScripting.Core\Dependencies\DotNetZip\Unity.VisualScripting.IonicZip.dll
Symbol file LoadedFromMemory doesn't match image C:\Users\PC-Benutzer\Documents\GitHub\GirlsDay\Library\PackageCache\com.unity.visualscripting@1.7.8\Editor\VisualScripting.Core\Dependencies\YamlDotNet\Unity.VisualScripting.YamlDotNet.dll
Native extension for WindowsStandalone target not found
Refreshing native plugins compatible for Editor in 105.04 ms, found 12 plugins.
Preloading 1 native plugins for Editor in 0.09 ms.
Package Manager log level set to [2]
System.Reflection.TargetInvocationException: Exception has been thrown by the target of an invocation. ---> System.NullReferenceException: Object reference not set to an instance of an object
  at Unity.XR.Oculus.OculusLoader.AssetPathToAbsolutePath (System.String assetPath) [0x0003d] in C:\Users\PC-Benutzer\Documents\GitHub\GirlsDay\Library\PackageCache\com.unity.xr.oculus@3.2.2\Runtime\OculusLoader.cs:296 
  at Unity.XR.Oculus.OculusLoader.EditorLoadOVRPlugin () [0x0007b] in C:\Users\PC-Benutzer\Documents\GitHub\GirlsDay\Library\PackageCache\com.unity.xr.oculus@3.2.2\Runtime\OculusLoader.cs:281 
  at (wrapper managed-to-native) System.Reflection.RuntimeMethodInfo.InternalInvoke(System.Reflection.RuntimeMethodInfo,object,object[],System.Exception&)
  at System.Reflection.RuntimeMethodInfo.Invoke (System.Object obj, System.Reflection.BindingFlags invokeAttr, System.Reflection.Binder binder, System.Object[] parameters, System.Globalization.CultureInfo culture) [0x0006a] in <d6232873609549b8a045fa15811a5bd3>:0 
   --- End of inner exception stack trace ---
  at System.Reflection.RuntimeMethodInfo.Invoke (System.Object obj, System.Reflection.BindingFlags invokeAttr, System.Reflection.Binder binder, System.Object[] parameters, System.Globalization.CultureInfo culture) [0x00083] in <d6232873609549b8a045fa15811a5bd3>:0 
  at System.Reflection.MethodBase.Invoke (System.Object obj, System.Object[] parameters) [0x00000] in <d6232873609549b8a045fa15811a5bd3>:0 
  at UnityEditor.EditorAssemblies.ProcessInitializeOnLoadMethodAttributes () [0x000a5] in <63965ae56af7489797f355b7c1211ab2>:0 
UnityEngine.StackTraceUtility:ExtractStackTrace ()
UnityEngine.DebugLogHandler:LogFormat (UnityEngine.LogType,UnityEngine.Object,string,object[])
UnityEngine.Logger:Log (UnityEngine.LogType,object)
UnityEngine.Debug:LogError (object)
UnityEditor.EditorAssemblies:ProcessInitializeOnLoadMethodAttributes ()

Mono: successfully reloaded assembly
- Completed reload, in  7.579 seconds
Domain Reload Profiling:
	ReloadAssembly (7580ms)
		BeginReloadAssembly (131ms)
			ExecutionOrderSort (0ms)
			DisableScriptedObjects (7ms)
			BackupInstance (0ms)
			ReleaseScriptingObjects (0ms)
			CreateAndSetChildDomain (22ms)
		EndReloadAssembly (7253ms)
			LoadAssemblies (4467ms)
			RebuildTransferFunctionScriptingTraits (0ms)
			SetupTypeCache (894ms)
			ReleaseScriptCaches (1ms)
			RebuildScriptCaches (68ms)
			SetupLoadedEditorAssemblies (1768ms)
				LogAssemblyErrors (0ms)
				InitializePlatformSupportModulesInManaged (5ms)
				SetLoadedEditorAssemblies (0ms)
				RefreshPlugins (105ms)
				BeforeProcessingInitializeOnLoad (122ms)
				ProcessInitializeOnLoadAttributes (366ms)
				ProcessInitializeOnLoadMethodAttributes (1160ms)
				AfterProcessingInitializeOnLoad (9ms)
				EditorAssembliesLoaded (0ms)
			ExecutionOrderSort2 (0ms)
			AwakeInstancesAfterBackupRestoration (7ms)
Platform modules already initialized, skipping
========================================================================
Worker process is ready to serve import requests
Launched and connected shader compiler UnityShaderCompiler.exe after 0.05 seconds
Refreshing native plugins compatible for Editor in 1.80 ms, found 12 plugins.
Preloading 1 native plugins for Editor in 0.13 ms.
Unloading 4221 Unused Serialized files (Serialized files now loaded: 0)
Unloading 54 unused Assets / (115.2 KB). Loaded Objects now: 4673.
Memory consumption went from 159.3 MB to 159.2 MB.
Total: 3.968400 ms (FindLiveObjects: 0.423700 ms CreateObjectMapping: 0.209600 ms MarkObjects: 3.189000 ms  DeleteObjects: 0.145200 ms)

AssetImportParameters requested are different than current active one (requested -> active):
  custom:video-decoder-ogg-theora: a1e56fd34408186e4bbccfd4996cb3dc -> 
  custom:container-muxer-webm: aa71ff27fc2769a1b78a27578f13a17b -> 
  custom:container-demuxer-webm: 4f35f7cbe854078d1ac9338744f61a02 -> 
  custom:video-encoder-webm-vp8: eb34c28f22e8b96e1ab97ce403110664 -> 
  custom:audio-encoder-webm-vorbis: bf7c407c2cedff20999df2af8eb42d56 -> 
  custom:framework-win-MediaFoundation: 216162199b28c13a410421893ffa2e32 -> 
  custom:container-demuxer-ogg: 62fdf1f143b41e24485cea50d1cbac27 -> 
  custom:video-decoder-webm-vp8: 9c59270c3fd7afecdb556c50c9e8de78 -> 
  custom:audio-decoder-ogg-vorbis: bf7c407c2cedff20999df2af8eb42d56 -> 
========================================================================
Received Import Request.
  Time since last request: 1890957.810554 seconds.
  path: Assets/Umgebung/SimpleLowPolyNature/Materials/Wood1Mat.mat
  artifactKey: Guid(57f391477e46ecd44af6579114e37dfb) Importer(815301076,1909f56bfc062723c751e8b465ee728b)
Start importing Assets/Umgebung/SimpleLowPolyNature/Materials/Wood1Mat.mat using Guid(57f391477e46ecd44af6579114e37dfb) Importer(815301076,1909f56bfc062723c751e8b465ee728b)  -> (artifact id: '391317ac1d2d50838a833449814a954a') in 0.182839 seconds 
========================================================================
Received Import Request.
  Time since last request: 0.000024 seconds.
  path: Assets/Umgebung/SimpleLowPolyNature/Materials/TreePinkMat.mat
  artifactKey: Guid(e8231e5e093c804458795712745c4041) Importer(815301076,1909f56bfc062723c751e8b465ee728b)
Start importing Assets/Umgebung/SimpleLowPolyNature/Materials/TreePinkMat.mat using Guid(e8231e5e093c804458795712745c4041) Importer(815301076,1909f56bfc062723c751e8b465ee728b)  -> (artifact id: '241c9aa05f2f6481ba4436fb51078999') in 0.013071 seconds 
========================================================================
Received Import Request.
  Time since last request: 4.204362 seconds.
  path: Assets/Umgebung/SimpleLowPolyNature/Materials/TreeGreen2Mat.mat
  artifactKey: Guid(b6747bf277df0e344ac544c7cfa37c62) Importer(815301076,1909f56bfc062723c751e8b465ee728b)
Start importing Assets/Umgebung/SimpleLowPolyNature/Materials/TreeGreen2Mat.mat using Guid(b6747bf277df0e344ac544c7cfa37c62) Importer(815301076,1909f56bfc062723c751e8b465ee728b)  -> (artifact id: '80ac15f9d44374a094e5e5049809c4a2') in 0.013833 seconds 
========================================================================
Received Import Request.
  Time since last request: 0.000023 seconds.
  path: Assets/Umgebung/SimpleNaturePack/Materials/SimpleNaturePack_Texture_01.mat
  artifactKey: Guid(93caadf4359ae8143aad35b3145d31af) Importer(815301076,1909f56bfc062723c751e8b465ee728b)
Start importing Assets/Umgebung/SimpleNaturePack/Materials/SimpleNaturePack_Texture_01.mat using Guid(93caadf4359ae8143aad35b3145d31af) Importer(815301076,1909f56bfc062723c751e8b465ee728b)  -> (artifact id: '1a1d7b711295098ccce0c835ce2cd067') in 0.020286 seconds 
========================================================================
Received Import Request.
  Time since last request: 0.000027 seconds.
  path: Assets/Umgebung/RPGPP_LT/Materials/rpgpp_lt_sky_a.mat
  artifactKey: Guid(ff33af19770dd3e489f9c65e388009fe) Importer(815301076,1909f56bfc062723c751e8b465ee728b)
Start importing Assets/Umgebung/RPGPP_LT/Materials/rpgpp_lt_sky_a.mat using Guid(ff33af19770dd3e489f9c65e388009fe) Importer(815301076,1909f56bfc062723c751e8b465ee728b)  -> (artifact id: 'a25c6b6740c5c578bd1b9d6a96a167bd') in 0.047200 seconds 
========================================================================
Received Import Request.
  Time since last request: 0.073506 seconds.
  path: Assets/Umgebung/RPGPP_LT/Materials/rpgpp_lt_cloud_a.mat
  artifactKey: Guid(434bfd6528d84e643ade0d2cd5c6fe1b) Importer(815301076,1909f56bfc062723c751e8b465ee728b)
Start importing Assets/Umgebung/RPGPP_LT/Materials/rpgpp_lt_cloud_a.mat using Guid(434bfd6528d84e643ade0d2cd5c6fe1b) Importer(815301076,1909f56bfc062723c751e8b465ee728b)  -> (artifact id: 'eaf94adc70bd7919d264b4ff5cc9309c') in 0.011866 seconds 
========================================================================
Received Import Request.
  Time since last request: 0.157155 seconds.
  path: Assets/Umgebung/SimpleLowPolyNature/Materials/RockMat.mat
  artifactKey: Guid(5bfbfdebccebf0c45832bef70d1337f7) Importer(815301076,1909f56bfc062723c751e8b465ee728b)
Start importing Assets/Umgebung/SimpleLowPolyNature/Materials/RockMat.mat using Guid(5bfbfdebccebf0c45832bef70d1337f7) Importer(815301076,1909f56bfc062723c751e8b465ee728b)  -> (artifact id: '3a8e41409d464e463403bdbba4bbd1ab') in 0.014076 seconds 
========================================================================
Received Import Request.
  Time since last request: 3.363740 seconds.
  path: Assets/Umgebung/SimpleLowPolyNature/Materials/Mushroom3Mat.mat
  artifactKey: Guid(23f92ab09af350146b1d22ca67ed7887) Importer(815301076,1909f56bfc062723c751e8b465ee728b)
Start importing Assets/Umgebung/SimpleLowPolyNature/Materials/Mushroom3Mat.mat using Guid(23f92ab09af350146b1d22ca67ed7887) Importer(815301076,1909f56bfc062723c751e8b465ee728b)  -> (artifact id: 'e9582bde2c7bbe5f19c9e6d69bbd5f79') in 0.016378 seconds 
========================================================================
Received Import Request.
  Time since last request: 0.054718 seconds.
  path: Assets/Umgebung/SimpleLowPolyNature/Materials/Mushroom1Mat.mat
  artifactKey: Guid(5835797300e10724eb31a26fa6baa1a6) Importer(815301076,1909f56bfc062723c751e8b465ee728b)
Start importing Assets/Umgebung/SimpleLowPolyNature/Materials/Mushroom1Mat.mat using Guid(5835797300e10724eb31a26fa6baa1a6) Importer(815301076,1909f56bfc062723c751e8b465ee728b)  -> (artifact id: '53f26b9293ef7651771d521c6f42a368') in 0.013819 seconds 
========================================================================
Received Import Request.
  Time since last request: 0.554428 seconds.
  path: Assets/Umgebung/SimpleLowPolyNature/Materials/Flower4Mat.mat
  artifactKey: Guid(b043653feafde9a498c209b65e6b09a7) Importer(815301076,1909f56bfc062723c751e8b465ee728b)
Start importing Assets/Umgebung/SimpleLowPolyNature/Materials/Flower4Mat.mat using Guid(b043653feafde9a498c209b65e6b09a7) Importer(815301076,1909f56bfc062723c751e8b465ee728b)  -> (artifact id: '0864a554b67294faceefc52ac901b712') in 0.015279 seconds 
========================================================================
Received Import Request.
  Time since last request: 0.136750 seconds.
  path: Assets/Umgebung/SimpleLowPolyNature/Materials/Flower2Mat.mat
  artifactKey: Guid(1c5a335489a263f458754f8cde45f221) Importer(815301076,1909f56bfc062723c751e8b465ee728b)
Start importing Assets/Umgebung/SimpleLowPolyNature/Materials/Flower2Mat.mat using Guid(1c5a335489a263f458754f8cde45f221) Importer(815301076,1909f56bfc062723c751e8b465ee728b)  -> (artifact id: '151764c1ee35308a9184df8977eb92a6') in 0.013994 seconds 
========================================================================
Received Import Request.
  Time since last request: 0.442190 seconds.
  path: Assets/Umgebung/SimpleLowPolyNature/Materials/FireParticleMat.mat
  artifactKey: Guid(0e82a89a9331d7c4bb16ef322caffd53) Importer(815301076,1909f56bfc062723c751e8b465ee728b)
Start importing Assets/Umgebung/SimpleLowPolyNature/Materials/FireParticleMat.mat using Guid(0e82a89a9331d7c4bb16ef322caffd53) Importer(815301076,1909f56bfc062723c751e8b465ee728b)  -> (artifact id: 'd11693c1986488e71866ee695f1c932c') in 2.016991 seconds 
========================================================================
Received Import Request.
  Time since last request: 166.129945 seconds.
  path: Assets/Umgebung/SimpleLowPolyNature/Models/Cloud1.fbx
  artifactKey: Guid(ba90c7e89ce8fb847b770b7be3fc7975) Importer(815301076,1909f56bfc062723c751e8b465ee728b)
Start importing Assets/Umgebung/SimpleLowPolyNature/Models/Cloud1.fbx using Guid(ba90c7e89ce8fb847b770b7be3fc7975) Importer(815301076,1909f56bfc062723c751e8b465ee728b)  -> (artifact id: '879fff28de9c335af12c6aa4cd878e91') in 0.057392 seconds 
========================================================================
Received Import Request.
  Time since last request: 0.000023 seconds.
  path: Assets/Umgebung/SimpleLowPolyNature/Models/Tree1.fbx
  artifactKey: Guid(05781e34d19387b4bb9c0e1c42f03352) Importer(815301076,1909f56bfc062723c751e8b465ee728b)
Start importing Assets/Umgebung/SimpleLowPolyNature/Models/Tree1.fbx using Guid(05781e34d19387b4bb9c0e1c42f03352) Importer(815301076,1909f56bfc062723c751e8b465ee728b)  -> (artifact id: '5f3f55a5342ae6c9ca578704245e80a4') in 0.019586 seconds 
========================================================================
Received Import Request.
  Time since last request: 0.000026 seconds.
  path: Assets/Umgebung/SimpleLowPolyNature/Models/WoodBoat.fbx
  artifactKey: Guid(eab23c9c4322e3e48842315d6748b1f7) Importer(815301076,1909f56bfc062723c751e8b465ee728b)
Start importing Assets/Umgebung/SimpleLowPolyNature/Models/WoodBoat.fbx using Guid(eab23c9c4322e3e48842315d6748b1f7) Importer(815301076,1909f56bfc062723c751e8b465ee728b)  -> (artifact id: '15a8ea34503892ee24bb3008ea408f2e') in 0.014918 seconds 
========================================================================
Received Import Request.
  Time since last request: 0.000033 seconds.
  path: Assets/Umgebung/SimpleLowPolyNature/Models/Rock9.fbx
  artifactKey: Guid(72d3bb69f36ca644da1c82e40bc74a0b) Importer(815301076,1909f56bfc062723c751e8b465ee728b)
Start importing Assets/Umgebung/SimpleLowPolyNature/Models/Rock9.fbx using Guid(72d3bb69f36ca644da1c82e40bc74a0b) Importer(815301076,1909f56bfc062723c751e8b465ee728b)  -> (artifact id: 'b69eed011b6cc9e62ae757085ce9121b') in 0.018387 seconds 
========================================================================
Received Import Request.
  Time since last request: 0.000022 seconds.
  path: Assets/Umgebung/SimpleLowPolyNature/Models/Grass3.fbx
  artifactKey: Guid(5d1150fbaa24aa24da8c409fd45a1433) Importer(815301076,1909f56bfc062723c751e8b465ee728b)
Start importing Assets/Umgebung/SimpleLowPolyNature/Models/Grass3.fbx using Guid(5d1150fbaa24aa24da8c409fd45a1433) Importer(815301076,1909f56bfc062723c751e8b465ee728b)  -> (artifact id: 'd561127dedce26eca301206c08c21018') in 0.014055 seconds 
========================================================================
Received Import Request.
  Time since last request: 0.000018 seconds.
  path: Assets/Umgebung/SimpleLowPolyNature/Models/Rock12.fbx
  artifactKey: Guid(43ee757e6d4e733469e710178cf7e322) Importer(815301076,1909f56bfc062723c751e8b465ee728b)
Start importing Assets/Umgebung/SimpleLowPolyNature/Models/Rock12.fbx using Guid(43ee757e6d4e733469e710178cf7e322) Importer(815301076,1909f56bfc062723c751e8b465ee728b)  -> (artifact id: 'f8f31eebdee2bf735a31f38ed01ed7a9') in 0.015206 seconds 
========================================================================
Received Import Request.
  Time since last request: 0.000021 seconds.
  path: Assets/Umgebung/SimpleLowPolyNature/Models/LightingPlant1.fbx
  artifactKey: Guid(5a354059445b3474fbd658226ba1efdd) Importer(815301076,1909f56bfc062723c751e8b465ee728b)
Start importing Assets/Umgebung/SimpleLowPolyNature/Models/LightingPlant1.fbx using Guid(5a354059445b3474fbd658226ba1efdd) Importer(815301076,1909f56bfc062723c751e8b465ee728b)  -> (artifact id: 'b46d198357aaf0f9a543ad3e6f04cdc9') in 0.018006 seconds 
========================================================================
Received Import Request.
  Time since last request: 0.000020 seconds.
  path: Assets/Umgebung/SimpleLowPolyNature/Models/LightingPlant2.fbx
  artifactKey: Guid(4a7d6681c1a137843b4a5b1dd9d74e6b) Importer(815301076,1909f56bfc062723c751e8b465ee728b)
Start importing Assets/Umgebung/SimpleLowPolyNature/Models/LightingPlant2.fbx using Guid(4a7d6681c1a137843b4a5b1dd9d74e6b) Importer(815301076,1909f56bfc062723c751e8b465ee728b)  -> (artifact id: '26285fb4e0e1d6f115552b84274ea705') in 0.023195 seconds 
========================================================================
Received Import Request.
  Time since last request: 0.000022 seconds.
  path: Assets/Umgebung/SimpleLowPolyNature/Models/Rock3.fbx
  artifactKey: Guid(e59d406fb2d8bac47b32b6dcdb25db4f) Importer(815301076,1909f56bfc062723c751e8b465ee728b)
Start importing Assets/Umgebung/SimpleLowPolyNature/Models/Rock3.fbx using Guid(e59d406fb2d8bac47b32b6dcdb25db4f) Importer(815301076,1909f56bfc062723c751e8b465ee728b)  -> (artifact id: 'fb074757e138c5b95d7f66f79cb82d51') in 0.017095 seconds 
========================================================================
Received Import Request.
  Time since last request: 0.000025 seconds.
  path: Assets/Umgebung/SimpleLowPolyNature/Models/FireParticle.fbx
  artifactKey: Guid(dc361669c609eb24c8940f9c51167859) Importer(815301076,1909f56bfc062723c751e8b465ee728b)
Start importing Assets/Umgebung/SimpleLowPolyNature/Models/FireParticle.fbx using Guid(dc361669c609eb24c8940f9c51167859) Importer(815301076,1909f56bfc062723c751e8b465ee728b)  -> (artifact id: '2e6b889989ddf52e28ed4e88ec7582e6') in 0.016156 seconds 
========================================================================
Received Import Request.
  Time since last request: 0.000024 seconds.
  path: Assets/Umgebung/SimpleLowPolyNature/Models/Plant4.fbx
  artifactKey: Guid(069e24942767b3942830cac408517235) Importer(815301076,1909f56bfc062723c751e8b465ee728b)
Start importing Assets/Umgebung/SimpleLowPolyNature/Models/Plant4.fbx using Guid(069e24942767b3942830cac408517235) Importer(815301076,1909f56bfc062723c751e8b465ee728b)  -> (artifact id: '4c01214f3db7fa7134314845720097a5') in 0.017094 seconds 
========================================================================
Received Import Request.
  Time since last request: 0.000021 seconds.
  path: Assets/Umgebung/SimpleLowPolyNature/Models/Flower3.fbx
  artifactKey: Guid(0b327016a46383242b0c0f14ed5d68b9) Importer(815301076,1909f56bfc062723c751e8b465ee728b)
Start importing Assets/Umgebung/SimpleLowPolyNature/Models/Flower3.fbx using Guid(0b327016a46383242b0c0f14ed5d68b9) Importer(815301076,1909f56bfc062723c751e8b465ee728b)  -> (artifact id: '90d4ad40492d690cf9a227a3ded1ed99') in 0.017090 seconds 
========================================================================
Received Import Request.
  Time since last request: 0.000033 seconds.
  path: Assets/Umgebung/SimpleLowPolyNature/Models/Rock11.fbx
  artifactKey: Guid(eaac711c8733edd43828a7a4976ee8f8) Importer(815301076,1909f56bfc062723c751e8b465ee728b)
Start importing Assets/Umgebung/SimpleLowPolyNature/Models/Rock11.fbx using Guid(eaac711c8733edd43828a7a4976ee8f8) Importer(815301076,1909f56bfc062723c751e8b465ee728b)  -> (artifact id: '585b7c37313f435c2d1aefa831fa2e82') in 0.014210 seconds 
========================================================================
Received Import Request.
  Time since last request: 0.000040 seconds.
  path: Assets/Umgebung/SimpleLowPolyNature/Models/Paddle.fbx
  artifactKey: Guid(b62293594e3695c48b305cd99fdd72e0) Importer(815301076,1909f56bfc062723c751e8b465ee728b)
Start importing Assets/Umgebung/SimpleLowPolyNature/Models/Paddle.fbx using Guid(b62293594e3695c48b305cd99fdd72e0) Importer(815301076,1909f56bfc062723c751e8b465ee728b)  -> (artifact id: '9ae84dc08d895f10c2fe2f0143bcbf71') in 0.020229 seconds 
========================================================================
Received Import Request.
  Time since last request: 0.000035 seconds.
  path: Assets/Umgebung/SimpleLowPolyNature/Models/Grass4.fbx
  artifactKey: Guid(a2848514d81208b45acb2d6cb8e2953c) Importer(815301076,1909f56bfc062723c751e8b465ee728b)
Start importing Assets/Umgebung/SimpleLowPolyNature/Models/Grass4.fbx using Guid(a2848514d81208b45acb2d6cb8e2953c) Importer(815301076,1909f56bfc062723c751e8b465ee728b)  -> (artifact id: '27b6706fcf4329aec0cd85db04924d7d') in 0.015609 seconds 
========================================================================
Received Import Request.
  Time since last request: 0.000021 seconds.
  path: Assets/Umgebung/SimpleLowPolyNature/Models/LowpolyTerrain.fbx
  artifactKey: Guid(f12a3f0431cfacf478a61ba99a1dd233) Importer(815301076,1909f56bfc062723c751e8b465ee728b)
Start importing Assets/Umgebung/SimpleLowPolyNature/Models/LowpolyTerrain.fbx using Guid(f12a3f0431cfacf478a61ba99a1dd233) Importer(815301076,1909f56bfc062723c751e8b465ee728b)  -> (artifact id: 'cf83cbdc39d4bdca26b81b6f0eeaa7b4') in 0.016839 seconds 
========================================================================
Received Import Request.
  Time since last request: 0.000030 seconds.
  path: Assets/Umgebung/SimpleLowPolyNature/Models/Mushroom2.fbx
  artifactKey: Guid(64bc47654f6eeab479ac0592b8150617) Importer(815301076,1909f56bfc062723c751e8b465ee728b)
Start importing Assets/Umgebung/SimpleLowPolyNature/Models/Mushroom2.fbx using Guid(64bc47654f6eeab479ac0592b8150617) Importer(815301076,1909f56bfc062723c751e8b465ee728b)  -> (artifact id: '37f62fe37e8f42a7e1a67c89baad8db7') in 0.015452 seconds 
========================================================================
Received Import Request.
  Time since last request: 0.000023 seconds.
  path: Assets/Umgebung/SimpleLowPolyNature/Models/Rock8.fbx
  artifactKey: Guid(432dbfb06e4b27c4685dd4b73d12867a) Importer(815301076,1909f56bfc062723c751e8b465ee728b)
Start importing Assets/Umgebung/SimpleLowPolyNature/Models/Rock8.fbx using Guid(432dbfb06e4b27c4685dd4b73d12867a) Importer(815301076,1909f56bfc062723c751e8b465ee728b)  -> (artifact id: '45c64f08e9ca9c80119dd7d570745f7e') in 0.015820 seconds 
========================================================================
Received Import Request.
  Time since last request: 0.000023 seconds.
  path: Assets/Umgebung/SimpleLowPolyNature/Models/Rock6.fbx
  artifactKey: Guid(4cfe42c97b386f64db12ed55713310df) Importer(815301076,1909f56bfc062723c751e8b465ee728b)
Start importing Assets/Umgebung/SimpleLowPolyNature/Models/Rock6.fbx using Guid(4cfe42c97b386f64db12ed55713310df) Importer(815301076,1909f56bfc062723c751e8b465ee728b)  -> (artifact id: '472e00c0f90c0a5c06cd84865401e05d') in 0.019026 seconds 
========================================================================
Received Import Request.
  Time since last request: 0.000024 seconds.
  path: Assets/Umgebung/SimpleLowPolyNature/Models/WoodFence1.fbx
  artifactKey: Guid(c699e5b3f6b327a409822e3e22e386dd) Importer(815301076,1909f56bfc062723c751e8b465ee728b)
Start importing Assets/Umgebung/SimpleLowPolyNature/Models/WoodFence1.fbx using Guid(c699e5b3f6b327a409822e3e22e386dd) Importer(815301076,1909f56bfc062723c751e8b465ee728b)  -> (artifact id: 'b9b6f03083afd22fb85e601041870104') in 0.015132 seconds 
========================================================================
Received Import Request.
  Time since last request: 0.000028 seconds.
  path: Assets/Umgebung/SimpleLowPolyNature/Models/Plant2.fbx
  artifactKey: Guid(fd2d428f4f99f46478350601d0aea1ed) Importer(815301076,1909f56bfc062723c751e8b465ee728b)
Start importing Assets/Umgebung/SimpleLowPolyNature/Models/Plant2.fbx using Guid(fd2d428f4f99f46478350601d0aea1ed) Importer(815301076,1909f56bfc062723c751e8b465ee728b)  -> (artifact id: 'd4fdf9dcf0633ffb4c4dcd7a644fd7e2') in 0.018040 seconds 
========================================================================
Received Import Request.
  Time since last request: 0.000028 seconds.
  path: Assets/Umgebung/SimpleLowPolyNature/Models/Plant3.fbx
  artifactKey: Guid(bcd65237e57a75348badd8c90f53bcd0) Importer(815301076,1909f56bfc062723c751e8b465ee728b)
Start importing Assets/Umgebung/SimpleLowPolyNature/Models/Plant3.fbx using Guid(bcd65237e57a75348badd8c90f53bcd0) Importer(815301076,1909f56bfc062723c751e8b465ee728b)  -> (artifact id: '024b88ed7abd2108fa2487c104999236') in 0.019042 seconds 
========================================================================
Received Import Request.
  Time since last request: 0.000033 seconds.
  path: Assets/Umgebung/SimpleLowPolyNature/Models/MushroomLarge.fbx
  artifactKey: Guid(f5e25367993acbf438c5aeffe76fa5e2) Importer(815301076,1909f56bfc062723c751e8b465ee728b)
Start importing Assets/Umgebung/SimpleLowPolyNature/Models/MushroomLarge.fbx using Guid(f5e25367993acbf438c5aeffe76fa5e2) Importer(815301076,1909f56bfc062723c751e8b465ee728b)  -> (artifact id: '7a6a18f8489f5cca7edf8ba92cb3fd55') in 0.018873 seconds 
========================================================================
Received Import Request.
  Time since last request: 0.000020 seconds.
  path: Assets/Umgebung/SimpleLowPolyNature/Models/Plant1.fbx
  artifactKey: Guid(1cba636e69e49404b8b39d4573d0a421) Importer(815301076,1909f56bfc062723c751e8b465ee728b)
Start importing Assets/Umgebung/SimpleLowPolyNature/Models/Plant1.fbx using Guid(1cba636e69e49404b8b39d4573d0a421) Importer(815301076,1909f56bfc062723c751e8b465ee728b)  -> (artifact id: 'baed1c25a132fae4639b36d769174c55') in 0.015560 seconds 
========================================================================
Received Import Request.
  Time since last request: 353.428557 seconds.
  path: Assets/Umgebung/RPGPP_LT/Prefabs
  artifactKey: Guid(5418b837466e9e540a4c9142c8646667) Importer(815301076,1909f56bfc062723c751e8b465ee728b)
Start importing Assets/Umgebung/RPGPP_LT/Prefabs using Guid(5418b837466e9e540a4c9142c8646667) Importer(815301076,1909f56bfc062723c751e8b465ee728b)  -> (artifact id: '982d465070578351ef5f8ccd008d36f4') in 0.005939 seconds 
========================================================================
Received Import Request.
  Time since last request: 2.264652 seconds.
  path: Assets/Umgebung/RPGPP_LT/Prefabs/Props
  artifactKey: Guid(4074df064ec1ac341a3d1ad54cefc56a) Importer(815301076,1909f56bfc062723c751e8b465ee728b)
Start importing Assets/Umgebung/RPGPP_LT/Prefabs/Props using Guid(4074df064ec1ac341a3d1ad54cefc56a) Importer(815301076,1909f56bfc062723c751e8b465ee728b)  -> (artifact id: '0d1e873f2e02c173441c676250bbd87c') in 0.010236 seconds 
========================================================================
Received Import Request.
  Time since last request: 5.121421 seconds.
  path: Assets/Umgebung/RPGPP_LT/Prefabs/Props/Containers
  artifactKey: Guid(fc5bc5139597e9345b4ed47ff049af1a) Importer(815301076,1909f56bfc062723c751e8b465ee728b)
Start importing Assets/Umgebung/RPGPP_LT/Prefabs/Props/Containers using Guid(fc5bc5139597e9345b4ed47ff049af1a) Importer(815301076,1909f56bfc062723c751e8b465ee728b)  -> (artifact id: '6578d2a522cc99d9cea5ed0d075cdffb') in 0.008203 seconds 
========================================================================
Received Import Request.
  Time since last request: 0.042418 seconds.
  path: Assets/Umgebung/RPGPP_LT/Prefabs/Props/Containers/rpgpp_lt_barrel_01.prefab
  artifactKey: Guid(08b7d3dcb8d6b9247b1800cd79905e16) Importer(815301076,1909f56bfc062723c751e8b465ee728b)
Start importing Assets/Umgebung/RPGPP_LT/Prefabs/Props/Containers/rpgpp_lt_barrel_01.prefab using Guid(08b7d3dcb8d6b9247b1800cd79905e16) Importer(815301076,1909f56bfc062723c751e8b465ee728b)  -> (artifact id: 'a021efccfddc1088ea4f7d4bb50a42a0') in 0.020724 seconds 
========================================================================
Received Import Request.
  Time since last request: 0.001293 seconds.
  path: Assets/Umgebung/RPGPP_LT/Prefabs/Props/Containers/rpgpp_lt_bowl_metal_01.prefab
  artifactKey: Guid(c20b40242fb425a48840e03f7f3a50f4) Importer(815301076,1909f56bfc062723c751e8b465ee728b)
Start importing Assets/Umgebung/RPGPP_LT/Prefabs/Props/Containers/rpgpp_lt_bowl_metal_01.prefab using Guid(c20b40242fb425a48840e03f7f3a50f4) Importer(815301076,1909f56bfc062723c751e8b465ee728b)  -> (artifact id: '6269012086c6cee617ad98fdf65c013f') in 0.016025 seconds 
========================================================================
Received Import Request.
  Time since last request: 0.000031 seconds.
  path: Assets/Umgebung/RPGPP_LT/Prefabs/Props/Containers/rpgpp_lt_trough_01.prefab
  artifactKey: Guid(7f3b1263233678a4a92861d908051fe3) Importer(815301076,1909f56bfc062723c751e8b465ee728b)
Start importing Assets/Umgebung/RPGPP_LT/Prefabs/Props/Containers/rpgpp_lt_trough_01.prefab using Guid(7f3b1263233678a4a92861d908051fe3) Importer(815301076,1909f56bfc062723c751e8b465ee728b)  -> (artifact id: '739daca1429b3a0fcf4d1b60f7d5a09d') in 0.016077 seconds 
========================================================================
Received Import Request.
  Time since last request: 0.000023 seconds.
  path: Assets/Umgebung/RPGPP_LT/Prefabs/Props/Containers/rpgpp_lt_bucket_01.prefab
  artifactKey: Guid(05723fa5edef5fa4ab72eb90ae0bf7b0) Importer(815301076,1909f56bfc062723c751e8b465ee728b)
Start importing Assets/Umgebung/RPGPP_LT/Prefabs/Props/Containers/rpgpp_lt_bucket_01.prefab using Guid(05723fa5edef5fa4ab72eb90ae0bf7b0) Importer(815301076,1909f56bfc062723c751e8b465ee728b)  -> (artifact id: '59f9e2ba01a245723b91b09ec816cc4d') in 0.016262 seconds 
========================================================================
Received Import Request.
  Time since last request: 0.000022 seconds.
  path: Assets/Umgebung/RPGPP_LT/Prefabs/Props/Containers/rpgpp_lt_jug_01.prefab
  artifactKey: Guid(957bb31991bce1640a18d0a109c71f3d) Importer(815301076,1909f56bfc062723c751e8b465ee728b)
Start importing Assets/Umgebung/RPGPP_LT/Prefabs/Props/Containers/rpgpp_lt_jug_01.prefab using Guid(957bb31991bce1640a18d0a109c71f3d) Importer(815301076,1909f56bfc062723c751e8b465ee728b)  -> (artifact id: 'acbb9084a12f9bc2f8fe115920082da5') in 0.014699 seconds 
========================================================================
Received Import Request.
  Time since last request: 0.000023 seconds.
  path: Assets/Umgebung/RPGPP_LT/Prefabs/Props/Containers/rpgpp_lt_sack_open_01.prefab
  artifactKey: Guid(5fb4dbc1b7c07b9418845eb61970d9df) Importer(815301076,1909f56bfc062723c751e8b465ee728b)
Start importing Assets/Umgebung/RPGPP_LT/Prefabs/Props/Containers/rpgpp_lt_sack_open_01.prefab using Guid(5fb4dbc1b7c07b9418845eb61970d9df) Importer(815301076,1909f56bfc062723c751e8b465ee728b)  -> (artifact id: 'c54bb3eaf331c6af350305c98fa1cf79') in 0.018785 seconds 
========================================================================
Received Import Request.
  Time since last request: 0.000019 seconds.
  path: Assets/Umgebung/RPGPP_LT/Prefabs/Props/Containers/rpgpp_lt_sack_01.prefab
  artifactKey: Guid(f274f0fb5e5bc294ca9a0ff4cf1f0ff7) Importer(815301076,1909f56bfc062723c751e8b465ee728b)
Start importing Assets/Umgebung/RPGPP_LT/Prefabs/Props/Containers/rpgpp_lt_sack_01.prefab using Guid(f274f0fb5e5bc294ca9a0ff4cf1f0ff7) Importer(815301076,1909f56bfc062723c751e8b465ee728b)  -> (artifact id: '9cefa8ae4befd6d6066fb2cf64870f6a') in 0.013437 seconds 
========================================================================
Received Import Request.
  Time since last request: 0.000023 seconds.
  path: Assets/Umgebung/RPGPP_LT/Prefabs/Props/Containers/rpgpp_lt_vase_02.prefab
  artifactKey: Guid(645e0ccb96eef934aa12bd4c02a4bd66) Importer(815301076,1909f56bfc062723c751e8b465ee728b)
Start importing Assets/Umgebung/RPGPP_LT/Prefabs/Props/Containers/rpgpp_lt_vase_02.prefab using Guid(645e0ccb96eef934aa12bd4c02a4bd66) Importer(815301076,1909f56bfc062723c751e8b465ee728b)  -> (artifact id: 'b8946c489ef4cd368cd1c1013bd43d97') in 0.012812 seconds 
========================================================================
Received Import Request.
  Time since last request: 0.000027 seconds.
  path: Assets/Umgebung/RPGPP_LT/Prefabs/Props/Containers/rpgpp_lt_package_01.prefab
  artifactKey: Guid(388d2ede35ec91345943f17a010818fc) Importer(815301076,1909f56bfc062723c751e8b465ee728b)
Start importing Assets/Umgebung/RPGPP_LT/Prefabs/Props/Containers/rpgpp_lt_package_01.prefab using Guid(388d2ede35ec91345943f17a010818fc) Importer(815301076,1909f56bfc062723c751e8b465ee728b)  -> (artifact id: '6becf8837644690c7abd1fbdf2d43ef8') in 0.014997 seconds 
========================================================================
Received Import Request.
  Time since last request: 6.350302 seconds.
  path: Assets/Umgebung/RPGPP_LT/Prefabs/Nature
  artifactKey: Guid(caa53d26110620c4796425b9e20eb673) Importer(815301076,1909f56bfc062723c751e8b465ee728b)
Start importing Assets/Umgebung/RPGPP_LT/Prefabs/Nature using Guid(caa53d26110620c4796425b9e20eb673) Importer(815301076,1909f56bfc062723c751e8b465ee728b)  -> (artifact id: '917fdeeb5a95f7c4e9512ab88ec4c7fb') in 0.009541 seconds 
========================================================================
Received Import Request.
  Time since last request: 1.901368 seconds.
  path: Assets/Umgebung/RPGPP_LT/Prefabs/Nature/Terrain
  artifactKey: Guid(35a14bf03a52c0542aac7ef0d955d918) Importer(815301076,1909f56bfc062723c751e8b465ee728b)
Start importing Assets/Umgebung/RPGPP_LT/Prefabs/Nature/Terrain using Guid(35a14bf03a52c0542aac7ef0d955d918) Importer(815301076,1909f56bfc062723c751e8b465ee728b)  -> (artifact id: '88d223a8866a3b2640bfe5421e6432a1') in 0.008575 seconds 
========================================================================
Received Import Request.
  Time since last request: 0.054056 seconds.
  path: Assets/Umgebung/RPGPP_LT/Prefabs/Nature/Terrain/rpgpp_lt_hill_small_01.prefab
  artifactKey: Guid(5c9211eb71cff4f4996a21d92317f601) Importer(815301076,1909f56bfc062723c751e8b465ee728b)
Start importing Assets/Umgebung/RPGPP_LT/Prefabs/Nature/Terrain/rpgpp_lt_hill_small_01.prefab using Guid(5c9211eb71cff4f4996a21d92317f601) Importer(815301076,1909f56bfc062723c751e8b465ee728b)  -> (artifact id: 'e63049fc7011ecd6e67bbcda8fdfbfd7') in 0.014948 seconds 
========================================================================
Received Import Request.
  Time since last request: 0.000023 seconds.
  path: Assets/Umgebung/RPGPP_LT/Prefabs/Nature/Terrain/rpgpp_lt_terrain_path_01a.prefab
  artifactKey: Guid(a25996a7d0674de40a8273b54b50aa7b) Importer(815301076,1909f56bfc062723c751e8b465ee728b)
Start importing Assets/Umgebung/RPGPP_LT/Prefabs/Nature/Terrain/rpgpp_lt_terrain_path_01a.prefab using Guid(a25996a7d0674de40a8273b54b50aa7b) Importer(815301076,1909f56bfc062723c751e8b465ee728b)  -> (artifact id: 'a03f2072650cfb1b409354d402aeed56') in 0.015570 seconds 
========================================================================
Received Import Request.
  Time since last request: 0.000022 seconds.
  path: Assets/Umgebung/RPGPP_LT/Prefabs/Nature/Terrain/rpgpp_lt_terrain_sand_01.prefab
  artifactKey: Guid(e7489574cca6d4645a7019414b8288e8) Importer(815301076,1909f56bfc062723c751e8b465ee728b)
Start importing Assets/Umgebung/RPGPP_LT/Prefabs/Nature/Terrain/rpgpp_lt_terrain_sand_01.prefab using Guid(e7489574cca6d4645a7019414b8288e8) Importer(815301076,1909f56bfc062723c751e8b465ee728b)  -> (artifact id: 'e968190931cb342e47f6ed872ca2b002') in 0.014961 seconds 
Editor requested this worker to shutdown with reason: Scaling down because of idle timeout
AssetImportWorker is now disconnected from the server
Process exiting
Exiting without the bug reporter. Application will terminate with return code 0